#
# A fatal error has been detected by the Java Runtime Environment:
#
#  SIGSEGV (0xb) at pc=0x00007fff5e34069d, pid=38365, tid=775
#
# JRE version: Java(TM) SE Runtime Environment (20.0.2+9) (build 20.0.2+9-78)
# Java VM: Java HotSpot(TM) 64-Bit Server VM (20.0.2+9-78, mixed mode, sharing, tiered, compressed oops, compressed class ptrs, g1 gc, bsd-amd64)
# Problematic frame:
# C  [libobjc.A.dylib+0x669d]  objc_msgSend+0x1d
#
# No core dump will be written. Core dumps have been disabled. To enable core dumping, try "ulimit -c unlimited" before starting Java again
#
# If you would like to submit a bug report, please visit:
#   https://bugreport.java.com/bugreport/crash.jsp
# The crash happened outside the Java Virtual Machine in native code.
# See problematic frame for where to report the bug.
#

---------------  S U M M A R Y ------------

Command Line: -javaagent:/Users/zolaball/Desktop/IntelliJ IDEA.app/Contents/lib/idea_rt.jar=51158:/Users/zolaball/Desktop/IntelliJ IDEA.app/Contents/bin -Dfile.encoding=UTF-8 JerrysPlayground

Host: "MacBookAir7,2" x86_64 1800 MHz, 4 cores, 8G, Darwin 18.7.0, macOS 10.14.6 (18G9323)
Time: Sun Nov 12 19:58:41 2023 EST elapsed time: 1.814311 seconds (0d 0h 0m 1s)

---------------  T H R E A D  ---------------

Current thread (0x00007f9de8805400):  JavaThread "AppKit Thread" daemon [_thread_in_native, id=775, stack(0x00007ffeead2b000,0x00007ffeeb52b000)]

Stack: [0x00007ffeead2b000,0x00007ffeeb52b000],  sp=0x00007ffeeb525158,  free space=8168k
Native frames: (J=compiled Java code, j=interpreted, Vv=VM code, C=native code)
C  [libobjc.A.dylib+0x669d]  objc_msgSend+0x1d
j  sun.java2d.metal.MTLLayer.blitTexture(J)V+0 java.desktop@20.0.2
j  sun.java2d.metal.MTLLayer.lambda$drawInMTLContext$4(J)V+1 java.desktop@20.0.2
j  sun.java2d.metal.MTLLayer$$Lambda$73+0x0000000123c867e0.run(J)V+1 java.desktop@20.0.2
j  sun.lwawt.macosx.CFRetainedResource.execute(Lsun/lwawt/macosx/CFRetainedResource$CFNativeAction;)V+23 java.desktop@20.0.2
j  sun.java2d.metal.MTLLayer.drawInMTLContext()V+14 java.desktop@20.0.2
v  ~StubRoutines::call_stub 0x00000001170e3cc6
V  [libjvm.dylib+0x590c31]  JavaCalls::call_helper(JavaValue*, methodHandle const&, JavaCallArguments*, JavaThread*)+0x2a1
V  [libjvm.dylib+0x5f3c9b]  jni_invoke_nonstatic(JNIEnv_*, JavaValue*, _jobject*, JNICallType, _jmethodID*, JNI_ArgumentPusher*, JavaThread*)+0x2eb
V  [libjvm.dylib+0x5f8a3b]  jni_CallVoidMethod+0x18b
C  [libawt_lwawt.dylib+0x76fd6]  -[MTLLayer blitCallback]+0x296
C  [libawt_lwawt.dylib+0x7710f]  -[MTLLayer display]+0x5f
C  [QuartzCore+0x14349]  CA::Layer::display_if_needed(CA::Transaction*)+0x273
C  [QuartzCore+0x258e]  CA::Context::commit_transaction(CA::Transaction*)+0x156
C  [QuartzCore+0x1c6e]  CA::Transaction::commit()+0x254
C  [AppKit+0x11bf59]  __65+[CATransaction(NSCATransaction) NS_setFlushesWithDisplayRefresh]_block_invoke+0x112
C  [CoreFoundation+0x98c34]  __CFRUNLOOP_IS_CALLING_OUT_TO_AN_OBSERVER_CALLBACK_FUNCTION__+0x17
C  [CoreFoundation+0x98b69]  __CFRunLoopDoObservers+0x1c3
C  [CoreFoundation+0x3b1a0]  __CFRunLoopRun+0x470
C  [CoreFoundation+0x3aade]  CFRunLoopRunSpecific+0x1c7
C  [HIToolbox+0xb1ab]  RunCurrentEventLoopInMode+0x124
C  [HIToolbox+0xaee5]  ReceiveNextEventCommon+0x25b
C  [HIToolbox+0xac76]  _BlockUntilNextEventMatchingListInModeWithFilter+0x40
C  [AppKit+0x1ae89]  _DPSNextEvent+0x46f
C  [AppKit+0x19b77]  -[NSApplication(NSEvent) _nextEventMatchingEventMask:untilDate:inMode:dequeue:]+0x551
C  [libosxapp.dylib+0x45aa]  -[NSApplicationAWT nextEventMatchingMask:untilDate:inMode:dequeue:]+0x7a
C  [AppKit+0x13c94]  -[NSApplication run]+0x2bb
C  [libosxapp.dylib+0x4379]  +[NSApplicationAWT runAWTLoopWithApp:]+0xa9
C  [libawt_lwawt.dylib+0x6f1a0]  +[AWTStarter starter:headless:]+0x1f0
C  [libosxapp.dylib+0x604f]  +[ThreadUtilities invokeBlockCopy:]+0xf
C  [Foundation+0xb0ce2]  __NSThreadPerformPerform+0x148
C  [CoreFoundation+0x5839b]  __CFRUNLOOP_IS_CALLING_OUT_TO_A_SOURCE0_PERFORM_FUNCTION__+0x11
C  [CoreFoundation+0x58341]  __CFRunLoopDoSource0+0x6c
C  [CoreFoundation+0x3bc0b]  __CFRunLoopDoSources0+0xc3
C  [CoreFoundation+0x3b1d5]  __CFRunLoopRun+0x4a5
C  [CoreFoundation+0x3aade]  CFRunLoopRunSpecific+0x1c7
C  [libjli.dylib+0x6f02]  CreateExecutionEnvironment+0x182
C  [libjli.dylib+0x2c7c]  JLI_Launch+0x59c
C  [java+0x3c17]  main+0x187
C  [libdyld.dylib+0x163d5]  start+0x1
Java frames: (J=compiled Java code, j=interpreted, Vv=VM code)
j  sun.java2d.metal.MTLLayer.blitTexture(J)V+0 java.desktop@20.0.2
j  sun.java2d.metal.MTLLayer.lambda$drawInMTLContext$4(J)V+1 java.desktop@20.0.2
j  sun.java2d.metal.MTLLayer$$Lambda$73+0x0000000123c867e0.run(J)V+1 java.desktop@20.0.2
j  sun.lwawt.macosx.CFRetainedResource.execute(Lsun/lwawt/macosx/CFRetainedResource$CFNativeAction;)V+23 java.desktop@20.0.2
j  sun.java2d.metal.MTLLayer.drawInMTLContext()V+14 java.desktop@20.0.2
v  ~StubRoutines::call_stub 0x00000001170e3cc6

siginfo: si_signo: 11 (SIGSEGV), si_code: 1 (SEGV_MAPERR), si_addr: 0x0000000000000018

Registers:
RAX=0x00007f9de7157c00, RBX=0x00007f9de9402270, RCX=0x00007f9de7803158, RDX=0x89bdffff8d111425
RSP=0x00007ffeeb525158, RBP=0x00007ffeeb525240, RSI=0x00007fff31bd1146, RDI=0x00007f9de7157c00
R8 =0xffffffff00000000, R9 =0x0000000000363e0a, R10=0x0000000000000000, R11=0x00007fff31bd1146
R12=0x00007fff55aa8856, R13=0x0000000163edfe80, R14=0x00007fff5e340680, R15=0x00007fff55aa92ce
RIP=0x00007fff5e34069d, EFLAGS=0x0000000000010246, ERR=0x0000000000000004
  TRAPNO=0x000000000000000e


Register to memory mapping:

RAX=0x00007f9de7157c00 points into unknown readable memory: 0x0000000000000000 | 00 00 00 00 00 00 00 00
RBX=0x00007f9de9402270 points into unknown readable memory: 0x001d800167d9b7b1 | b1 b7 d9 67 01 80 1d 00
RCX=0x00007f9de7803158 points into unknown readable memory: 0xa3a3a3a3a3a3a3a3 | a3 a3 a3 a3 a3 a3 a3 a3
RDX=0x89bdffff8d111425 is an unknown value
RSP=0x00007ffeeb525158 is pointing into the stack for thread: 0x00007f9de8805400
RBP=0x00007ffeeb525240 is pointing into the stack for thread: 0x00007f9de8805400
RSI=0x00007fff31bd1146: GCC_except_table7+0x29a7a in /System/Library/Frameworks/AppKit.framework/Versions/C/AppKit at 0x00007fff3100a000
RDI=0x00007f9de7157c00 points into unknown readable memory: 0x0000000000000000 | 00 00 00 00 00 00 00 00
R8 =0xffffffff00000000 is an unknown value
R9 =0x0000000000363e0a is an unknown value
R10=0x0 is NULL
R11=0x00007fff31bd1146: GCC_except_table7+0x29a7a in /System/Library/Frameworks/AppKit.framework/Versions/C/AppKit at 0x00007fff3100a000
R12=0x00007fff55aa8856 points into unknown readable memory: 63 74
R13={method} {0x0000000163edfe80} 'blitTexture' '(J)V' in 'sun/java2d/metal/MTLLayer'
R14=0x00007fff5e340680: objc_msgSend+0 in /usr/lib/libobjc.A.dylib at 0x00007fff5e33a000
R15=0x00007fff55aa92ce points into unknown readable memory: 62 75


Top of Stack: (sp=0x00007ffeeb525158)
0x00007ffeeb525158:   0000000167d36882 00007ffeeb5252d0
0x00007ffeeb525168:   00007f9de8805400 00007ffeeb525240
0x00007ffeeb525178:   00007fff5e341114 0000000000363e0a
0x00007ffeeb525188:   ffffffff00000000 0000000167d98158
0x00007ffeeb525198:   00007f9de9402270 0000000167d6bd4c
0x00007ffeeb5251a8:   00007f9de9402270 00007fff5e340680
0x00007ffeeb5251b8:   00000001058adbea 00007f9de6e39ab0
0x00007ffeeb5251c8:   00007f9de6e39e88 757478655474696c
0x00007ffeeb5251d8:   0003000000006572 0000000a0000000a
0x00007ffeeb5251e8:   0000000a0000000a 0000000500000005
0x00007ffeeb5251f8:   0000000500000005 00007f9de7803150
0x00007ffeeb525208:   0000000100000001 0000000100000001
0x00007ffeeb525218:   0000000163edfe80 0000000000000000
0x00007ffeeb525228:   0000000163edfe80 00007ffeeb5252d0
0x00007ffeeb525238:   00007f9de8805400 00007ffeeb5252a8
0x00007ffeeb525248:   0000000117104728 0000000163edfe80
0x00007ffeeb525258:   00000001171043d6 00007ffeeb525260
0x00007ffeeb525268:   0000000163edfe80 00007ffeeb5252d0
0x00007ffeeb525278:   0000000163ee1628 0000000000000000
0x00007ffeeb525288:   0000000787b63e60 0000000163edfe80
0x00007ffeeb525298:   0000000000000000 00007ffeeb5252c8
0x00007ffeeb5252a8:   00007ffeeb525320 000000011710058d
0x00007ffeeb5252b8:   0000000787b63e60 0000000117102077
0x00007ffeeb5252c8:   00007f9de9402270 0000000000000000
0x00007ffeeb5252d8:   00007ffeeb5252d8 0000000163ee0601
0x00007ffeeb5252e8:   00007ffeeb525338 0000000163ee1628
0x00007ffeeb5252f8:   0000000000000000 0000000787b63e60
0x00007ffeeb525308:   0000000163ee0618 00007ffeeb5252c8
0x00007ffeeb525318:   00007ffeeb525330 00007ffeeb525388
0x00007ffeeb525328:   000000011710058d 00007f9de9402270
0x00007ffeeb525338:   0000000000000000 00007ffeeb525340
0x00007ffeeb525348:   0000000163ffe029 00007ffeeb5253a8 

Instructions: (pc=0x00007fff5e34069d)
0x00007fff5e34059d:   05 96 fb c4 37 48 8b 30 5d e9 d5 00 00 00 5d e9
0x00007fff5e3405ad:   65 79 00 00 31 f6 5d e9 d5 70 00 00 90 90 90 90
0x00007fff5e3405bd:   90 90 90 31 c0 31 d2 0f 57 c0 0f 57 c9 c3 90 d9
0x00007fff5e3405cd:   ee 31 c0 31 d2 0f 57 c0 0f 57 c9 c3 0f 1f 00 d9
0x00007fff5e3405dd:   ee d9 ee 31 c0 31 d2 0f 57 c0 0f 57 c9 c3 90 48
0x00007fff5e3405ed:   89 f8 c3 49 89 fa 49 89 f3 45 23 5a 18 49 c1 e3
0x00007fff5e3405fd:   04 4d 03 5a 10 49 3b 33 75 05 49 8b 43 08 c3 49
0x00007fff5e34060d:   83 3b 01 76 0e 49 83 c3 10 49 3b 33 75 f1 49 8b
0x00007fff5e34061d:   43 08 c3 72 1c 4d 8b 5b 08 eb 0a 49 83 3b 01 76
0x00007fff5e34062d:   0e 49 83 c3 10 49 3b 33 75 f1 49 8b 43 08 c3 eb
0x00007fff5e34063d:   00 31 c0 c3 66 2e 0f 1f 84 00 00 00 00 00 66 2e
0x00007fff5e34064d:   0f 1f 84 00 00 00 00 00 66 2e 0f 1f 84 00 00 00
0x00007fff5e34065d:   00 00 66 2e 0f 1f 84 00 00 00 00 00 66 2e 0f 1f
0x00007fff5e34066d:   84 00 00 00 00 00 66 2e 0f 1f 84 00 00 00 00 00
0x00007fff5e34067d:   0f 1f 00 48 85 ff 2e 74 62 40 f6 c7 01 2e 75 66
0x00007fff5e34068d:   49 ba f8 ff ff ff ff 7f 00 00 4c 23 17 49 89 f3
0x00007fff5e34069d:   45 23 5a 18 49 c1 e3 04 4d 03 5a 10 49 3b 33 75
0x00007fff5e3406ad:   04 41 ff 63 08 49 83 3b 01 76 0d 49 83 c3 10 49
0x00007fff5e3406bd:   3b 33 75 f1 41 ff 63 08 72 68 4d 8b 5b 08 eb 0a
0x00007fff5e3406cd:   49 83 3b 01 76 0d 49 83 c3 10 49 3b 33 75 f1 41
0x00007fff5e3406dd:   ff 63 08 eb 4d 66 0f 1f 44 00 00 31 c0 31 d2 0f
0x00007fff5e3406ed:   57 c0 0f 57 c9 c3 41 89 fb 41 83 e3 0f 4c 8d 15
0x00007fff5e3406fd:   9f 8c ac 37 4f 8b 14 da 4c 8d 1d 5c 8a ac 37 4d
0x00007fff5e34070d:   39 d3 75 89 41 89 fb 41 c1 eb 04 41 81 e3 ff 00
0x00007fff5e34071d:   00 00 4c 8d 15 fa 8c ac 37 4f 8b 14 da e9 6b ff
0x00007fff5e34072d:   ff ff e9 9c 09 00 00 66 2e 0f 1f 84 00 00 00 00
0x00007fff5e34073d:   00 66 90 48 85 ff 2e 74 62 40 f6 c7 01 2e 75 63
0x00007fff5e34074d:   49 ba f8 ff ff ff ff 7f 00 00 4c 23 17 49 89 f3
0x00007fff5e34075d:   45 23 5a 18 49 c1 e3 04 4d 03 5a 10 49 3b 33 75
0x00007fff5e34076d:   05 4d 8b 5b 08 c3 49 83 3b 01 76 0e 49 83 c3 10
0x00007fff5e34077d:   49 3b 33 75 f1 4d 8b 5b 08 c3 72 63 4d 8b 5b 08
0x00007fff5e34078d:   eb 0a 49 83 3b 01 76 0e 49 83 c3 10 49 3b 33 75 


Stack slot to memory mapping:
stack at sp + 0 slots: 0x0000000167d36882: -[MTLLayer blitTexture]+0xc2 in /Library/Java/JavaVirtualMachines/jdk-20.jdk/Contents/Home/lib/libawt_lwawt.dylib at 0x0000000167cc0000
stack at sp + 1 slots: 0x00007ffeeb5252d0 is pointing into the stack for thread: 0x00007f9de8805400
stack at sp + 2 slots: 0x00007f9de8805400 is a thread
stack at sp + 3 slots: 0x00007ffeeb525240 is pointing into the stack for thread: 0x00007f9de8805400
stack at sp + 4 slots: 0x00007fff5e341114: _objc_msgSend_uncached+0x44 in /usr/lib/libobjc.A.dylib at 0x00007fff5e33a000
stack at sp + 5 slots: 0x0000000000363e0a is an unknown value
stack at sp + 6 slots: 0xffffffff00000000 is an unknown value
stack at sp + 7 slots: 0x0000000167d98158: _OBJC_CLASS_RO_$_ToolbarAccessibility+0x11e0 in /Library/Java/JavaVirtualMachines/jdk-20.jdk/Contents/Home/lib/libawt_lwawt.dylib at 0x0000000167cc0000


---------------  P R O C E S S  ---------------

Threads class SMR info:
_java_thread_list=0x00007f9de6d988d0, length=17, elements={
0x00007f9de7007400, 0x00007f9de707d000, 0x00007f9de8802e00, 0x00007f9de780c200,
0x00007f9de8801000, 0x00007f9de707d600, 0x00007f9de8801600, 0x00007f9de780c800,
0x00007f9de70c0e00, 0x00007f9de885f600, 0x00007f9de7116200, 0x00007f9de8805400,
0x00007f9de78bea00, 0x00007f9de78ce800, 0x00007f9de8893e00, 0x00007f9de8898000,
0x00007f9de8194e00
}

Java Threads: ( => current thread )
  0x00007f9de7007400 JavaThread "main" [_thread_in_vm, id=8963, stack(0x000070000aadb000,0x000070000abdb000)]
  0x00007f9de707d000 JavaThread "Reference Handler" daemon [_thread_blocked, id=43011, stack(0x000070000b1f0000,0x000070000b2f0000)]
  0x00007f9de8802e00 JavaThread "Finalizer" daemon [_thread_blocked, id=22531, stack(0x000070000b2f3000,0x000070000b3f3000)]
  0x00007f9de780c200 JavaThread "Signal Dispatcher" daemon [_thread_blocked, id=42755, stack(0x000070000b3f6000,0x000070000b4f6000)]
  0x00007f9de8801000 JavaThread "Service Thread" daemon [_thread_blocked, id=42243, stack(0x000070000b4f9000,0x000070000b5f9000)]
  0x00007f9de707d600 JavaThread "Monitor Deflation Thread" daemon [_thread_blocked, id=41987, stack(0x000070000b5fc000,0x000070000b6fc000)]
  0x00007f9de8801600 JavaThread "C2 CompilerThread0" daemon [_thread_blocked, id=41475, stack(0x000070000b6ff000,0x000070000b7ff000)]
  0x00007f9de780c800 JavaThread "C1 CompilerThread0" daemon [_thread_blocked, id=23299, stack(0x000070000b802000,0x000070000b902000)]
  0x00007f9de70c0e00 JavaThread "Common-Cleaner" daemon [_thread_blocked, id=23555, stack(0x000070000b905000,0x000070000ba05000)]
  0x00007f9de885f600 JavaThread "Monitor Ctrl-Break" daemon [_thread_in_native, id=40451, stack(0x000070000ba08000,0x000070000bb08000)]
  0x00007f9de7116200 JavaThread "Notification Thread" daemon [_thread_blocked, id=24067, stack(0x000070000bb0b000,0x000070000bc0b000)]
=>0x00007f9de8805400 JavaThread "AppKit Thread" daemon [_thread_in_native, id=775, stack(0x00007ffeead2b000,0x00007ffeeb52b000)]
  0x00007f9de78bea00 JavaThread "AWT-Shutdown" [_thread_blocked, id=31247, stack(0x000070000bd94000,0x000070000be94000)]
  0x00007f9de78ce800 JavaThread "Attach Listener" daemon [_thread_blocked, id=45067, stack(0x000070000bf1a000,0x000070000c01a000)]
  0x00007f9de8893e00 JavaThread "Java2D Queue Flusher" daemon [_thread_blocked, id=77067, stack(0x000070000c1a6000,0x000070000c2a6000)]
  0x00007f9de8898000 JavaThread "Java2D Disposer" daemon [_thread_blocked, id=76035, stack(0x000070000c2a9000,0x000070000c3a9000)]
  0x00007f9de8194e00 JavaThread "AWT-EventQueue-0" [_thread_blocked, id=59651, stack(0x000070000c3ac000,0x000070000c4ac000)]

Other Threads:
  0x00007f9de6e21bf0 VMThread "VM Thread" [stack: 0x000070000b0ed000,0x000070000b1ed000] [id=17411]
  0x00007f9de6c4fad0 WatcherThread "VM Periodic Task Thread" [stack: 0x000070000bc0e000,0x000070000bd0e000] [id=39939]
  0x00007f9de6e0f8a0 WorkerThread "GC Thread#0" [stack: 0x000070000abde000,0x000070000acde000] [id=13059]
  0x00007f9de6e10730 ConcurrentGCThread "G1 Main Marker" [stack: 0x000070000ace1000,0x000070000ade1000] [id=19971]
  0x00007f9de6e11460 WorkerThread "G1 Conc#0" [stack: 0x000070000ade4000,0x000070000aee4000] [id=13827]
  0x00007f9de6e121d0 ConcurrentGCThread "G1 Refine#0" [stack: 0x000070000aee7000,0x000070000afe7000] [id=19203]
  0x00007f9de6c2e080 ConcurrentGCThread "G1 Service" [stack: 0x000070000afea000,0x000070000b0ea000] [id=14339]

Threads with active compile tasks:

VM state: not at safepoint (normal execution)

VM Mutex/Monitor currently owned by a thread: None

Heap address: 0x0000000780000000, size: 2048 MB, Compressed Oops mode: Zero based, Oop shift amount: 3

CDS archive(s) mapped at: [0x0000000122c00000-0x0000000123878000-0x0000000123878000), size 13074432, SharedBaseAddress: 0x0000000122c00000, ArchiveRelocationMode: 1.
Compressed class space mapped at: 0x0000000123c00000-0x0000000163c00000, reserved size: 1073741824
Narrow klass base: 0x0000000122c00000, Narrow klass shift: 0, Narrow klass range: 0x100000000

GC Precious Log:
 CardTable entry size: 512
 Card Set container configuration: InlinePtr #cards 5 size 8 Array Of Cards #cards 12 size 40 Howl #buckets 4 coarsen threshold 1843 Howl Bitmap #cards 512 size 80 coarsen threshold 460 Card regions per heap region 1 cards per card region 2048
 CPUs: 4 total, 4 available
 Memory: 8192M
 Large Page Support: Disabled
 NUMA Support: Disabled
 Compressed Oops: Enabled (Zero based)
 Heap Region Size: 1M
 Heap Min Capacity: 8M
 Heap Initial Capacity: 128M
 Heap Max Capacity: 2G
 Pre-touch: Disabled
 Parallel Workers: 4
 Concurrent Workers: 1
 Concurrent Refinement Workers: 4
 Periodic GC: Disabled

Heap:
 garbage-first heap   total 133120K, used 6112K [0x0000000780000000, 0x0000000800000000)
  region size 1024K, 6 young (6144K), 0 survivors (0K)
 Metaspace       used 4979K, committed 5248K, reserved 1114112K
  class space    used 526K, committed 640K, reserved 1048576K

Heap Regions: E=young(eden), S=young(survivor), O=old, HS=humongous(starts), HC=humongous(continues), CS=collection set, F=free, OA=open archive, CA=closed archive, TAMS=top-at-mark-start, PB=parsable bottom
|   0|0x0000000780000000, 0x0000000780000000, 0x0000000780100000|  0%| F|  |TAMS 0x0000000780000000| PB 0x0000000780000000| Untracked 
|   1|0x0000000780100000, 0x0000000780100000, 0x0000000780200000|  0%| F|  |TAMS 0x0000000780100000| PB 0x0000000780100000| Untracked 
|   2|0x0000000780200000, 0x0000000780200000, 0x0000000780300000|  0%| F|  |TAMS 0x0000000780200000| PB 0x0000000780200000| Untracked 
|   3|0x0000000780300000, 0x0000000780300000, 0x0000000780400000|  0%| F|  |TAMS 0x0000000780300000| PB 0x0000000780300000| Untracked 
|   4|0x0000000780400000, 0x0000000780400000, 0x0000000780500000|  0%| F|  |TAMS 0x0000000780400000| PB 0x0000000780400000| Untracked 
|   5|0x0000000780500000, 0x0000000780500000, 0x0000000780600000|  0%| F|  |TAMS 0x0000000780500000| PB 0x0000000780500000| Untracked 
|   6|0x0000000780600000, 0x0000000780600000, 0x0000000780700000|  0%| F|  |TAMS 0x0000000780600000| PB 0x0000000780600000| Untracked 
|   7|0x0000000780700000, 0x0000000780700000, 0x0000000780800000|  0%| F|  |TAMS 0x0000000780700000| PB 0x0000000780700000| Untracked 
|   8|0x0000000780800000, 0x0000000780800000, 0x0000000780900000|  0%| F|  |TAMS 0x0000000780800000| PB 0x0000000780800000| Untracked 
|   9|0x0000000780900000, 0x0000000780900000, 0x0000000780a00000|  0%| F|  |TAMS 0x0000000780900000| PB 0x0000000780900000| Untracked 
|  10|0x0000000780a00000, 0x0000000780a00000, 0x0000000780b00000|  0%| F|  |TAMS 0x0000000780a00000| PB 0x0000000780a00000| Untracked 
|  11|0x0000000780b00000, 0x0000000780b00000, 0x0000000780c00000|  0%| F|  |TAMS 0x0000000780b00000| PB 0x0000000780b00000| Untracked 
|  12|0x0000000780c00000, 0x0000000780c00000, 0x0000000780d00000|  0%| F|  |TAMS 0x0000000780c00000| PB 0x0000000780c00000| Untracked 
|  13|0x0000000780d00000, 0x0000000780d00000, 0x0000000780e00000|  0%| F|  |TAMS 0x0000000780d00000| PB 0x0000000780d00000| Untracked 
|  14|0x0000000780e00000, 0x0000000780e00000, 0x0000000780f00000|  0%| F|  |TAMS 0x0000000780e00000| PB 0x0000000780e00000| Untracked 
|  15|0x0000000780f00000, 0x0000000780f00000, 0x0000000781000000|  0%| F|  |TAMS 0x0000000780f00000| PB 0x0000000780f00000| Untracked 
|  16|0x0000000781000000, 0x0000000781000000, 0x0000000781100000|  0%| F|  |TAMS 0x0000000781000000| PB 0x0000000781000000| Untracked 
|  17|0x0000000781100000, 0x0000000781100000, 0x0000000781200000|  0%| F|  |TAMS 0x0000000781100000| PB 0x0000000781100000| Untracked 
|  18|0x0000000781200000, 0x0000000781200000, 0x0000000781300000|  0%| F|  |TAMS 0x0000000781200000| PB 0x0000000781200000| Untracked 
|  19|0x0000000781300000, 0x0000000781300000, 0x0000000781400000|  0%| F|  |TAMS 0x0000000781300000| PB 0x0000000781300000| Untracked 
|  20|0x0000000781400000, 0x0000000781400000, 0x0000000781500000|  0%| F|  |TAMS 0x0000000781400000| PB 0x0000000781400000| Untracked 
|  21|0x0000000781500000, 0x0000000781500000, 0x0000000781600000|  0%| F|  |TAMS 0x0000000781500000| PB 0x0000000781500000| Untracked 
|  22|0x0000000781600000, 0x0000000781600000, 0x0000000781700000|  0%| F|  |TAMS 0x0000000781600000| PB 0x0000000781600000| Untracked 
|  23|0x0000000781700000, 0x0000000781700000, 0x0000000781800000|  0%| F|  |TAMS 0x0000000781700000| PB 0x0000000781700000| Untracked 
|  24|0x0000000781800000, 0x0000000781800000, 0x0000000781900000|  0%| F|  |TAMS 0x0000000781800000| PB 0x0000000781800000| Untracked 
|  25|0x0000000781900000, 0x0000000781900000, 0x0000000781a00000|  0%| F|  |TAMS 0x0000000781900000| PB 0x0000000781900000| Untracked 
|  26|0x0000000781a00000, 0x0000000781a00000, 0x0000000781b00000|  0%| F|  |TAMS 0x0000000781a00000| PB 0x0000000781a00000| Untracked 
|  27|0x0000000781b00000, 0x0000000781b00000, 0x0000000781c00000|  0%| F|  |TAMS 0x0000000781b00000| PB 0x0000000781b00000| Untracked 
|  28|0x0000000781c00000, 0x0000000781c00000, 0x0000000781d00000|  0%| F|  |TAMS 0x0000000781c00000| PB 0x0000000781c00000| Untracked 
|  29|0x0000000781d00000, 0x0000000781d00000, 0x0000000781e00000|  0%| F|  |TAMS 0x0000000781d00000| PB 0x0000000781d00000| Untracked 
|  30|0x0000000781e00000, 0x0000000781e00000, 0x0000000781f00000|  0%| F|  |TAMS 0x0000000781e00000| PB 0x0000000781e00000| Untracked 
|  31|0x0000000781f00000, 0x0000000781f00000, 0x0000000782000000|  0%| F|  |TAMS 0x0000000781f00000| PB 0x0000000781f00000| Untracked 
|  32|0x0000000782000000, 0x0000000782000000, 0x0000000782100000|  0%| F|  |TAMS 0x0000000782000000| PB 0x0000000782000000| Untracked 
|  33|0x0000000782100000, 0x0000000782100000, 0x0000000782200000|  0%| F|  |TAMS 0x0000000782100000| PB 0x0000000782100000| Untracked 
|  34|0x0000000782200000, 0x0000000782200000, 0x0000000782300000|  0%| F|  |TAMS 0x0000000782200000| PB 0x0000000782200000| Untracked 
|  35|0x0000000782300000, 0x0000000782300000, 0x0000000782400000|  0%| F|  |TAMS 0x0000000782300000| PB 0x0000000782300000| Untracked 
|  36|0x0000000782400000, 0x0000000782400000, 0x0000000782500000|  0%| F|  |TAMS 0x0000000782400000| PB 0x0000000782400000| Untracked 
|  37|0x0000000782500000, 0x0000000782500000, 0x0000000782600000|  0%| F|  |TAMS 0x0000000782500000| PB 0x0000000782500000| Untracked 
|  38|0x0000000782600000, 0x0000000782600000, 0x0000000782700000|  0%| F|  |TAMS 0x0000000782600000| PB 0x0000000782600000| Untracked 
|  39|0x0000000782700000, 0x0000000782700000, 0x0000000782800000|  0%| F|  |TAMS 0x0000000782700000| PB 0x0000000782700000| Untracked 
|  40|0x0000000782800000, 0x0000000782800000, 0x0000000782900000|  0%| F|  |TAMS 0x0000000782800000| PB 0x0000000782800000| Untracked 
|  41|0x0000000782900000, 0x0000000782900000, 0x0000000782a00000|  0%| F|  |TAMS 0x0000000782900000| PB 0x0000000782900000| Untracked 
|  42|0x0000000782a00000, 0x0000000782a00000, 0x0000000782b00000|  0%| F|  |TAMS 0x0000000782a00000| PB 0x0000000782a00000| Untracked 
|  43|0x0000000782b00000, 0x0000000782b00000, 0x0000000782c00000|  0%| F|  |TAMS 0x0000000782b00000| PB 0x0000000782b00000| Untracked 
|  44|0x0000000782c00000, 0x0000000782c00000, 0x0000000782d00000|  0%| F|  |TAMS 0x0000000782c00000| PB 0x0000000782c00000| Untracked 
|  45|0x0000000782d00000, 0x0000000782d00000, 0x0000000782e00000|  0%| F|  |TAMS 0x0000000782d00000| PB 0x0000000782d00000| Untracked 
|  46|0x0000000782e00000, 0x0000000782e00000, 0x0000000782f00000|  0%| F|  |TAMS 0x0000000782e00000| PB 0x0000000782e00000| Untracked 
|  47|0x0000000782f00000, 0x0000000782f00000, 0x0000000783000000|  0%| F|  |TAMS 0x0000000782f00000| PB 0x0000000782f00000| Untracked 
|  48|0x0000000783000000, 0x0000000783000000, 0x0000000783100000|  0%| F|  |TAMS 0x0000000783000000| PB 0x0000000783000000| Untracked 
|  49|0x0000000783100000, 0x0000000783100000, 0x0000000783200000|  0%| F|  |TAMS 0x0000000783100000| PB 0x0000000783100000| Untracked 
|  50|0x0000000783200000, 0x0000000783200000, 0x0000000783300000|  0%| F|  |TAMS 0x0000000783200000| PB 0x0000000783200000| Untracked 
|  51|0x0000000783300000, 0x0000000783300000, 0x0000000783400000|  0%| F|  |TAMS 0x0000000783300000| PB 0x0000000783300000| Untracked 
|  52|0x0000000783400000, 0x0000000783400000, 0x0000000783500000|  0%| F|  |TAMS 0x0000000783400000| PB 0x0000000783400000| Untracked 
|  53|0x0000000783500000, 0x0000000783500000, 0x0000000783600000|  0%| F|  |TAMS 0x0000000783500000| PB 0x0000000783500000| Untracked 
|  54|0x0000000783600000, 0x0000000783600000, 0x0000000783700000|  0%| F|  |TAMS 0x0000000783600000| PB 0x0000000783600000| Untracked 
|  55|0x0000000783700000, 0x0000000783700000, 0x0000000783800000|  0%| F|  |TAMS 0x0000000783700000| PB 0x0000000783700000| Untracked 
|  56|0x0000000783800000, 0x0000000783800000, 0x0000000783900000|  0%| F|  |TAMS 0x0000000783800000| PB 0x0000000783800000| Untracked 
|  57|0x0000000783900000, 0x0000000783900000, 0x0000000783a00000|  0%| F|  |TAMS 0x0000000783900000| PB 0x0000000783900000| Untracked 
|  58|0x0000000783a00000, 0x0000000783a00000, 0x0000000783b00000|  0%| F|  |TAMS 0x0000000783a00000| PB 0x0000000783a00000| Untracked 
|  59|0x0000000783b00000, 0x0000000783b00000, 0x0000000783c00000|  0%| F|  |TAMS 0x0000000783b00000| PB 0x0000000783b00000| Untracked 
|  60|0x0000000783c00000, 0x0000000783c00000, 0x0000000783d00000|  0%| F|  |TAMS 0x0000000783c00000| PB 0x0000000783c00000| Untracked 
|  61|0x0000000783d00000, 0x0000000783d00000, 0x0000000783e00000|  0%| F|  |TAMS 0x0000000783d00000| PB 0x0000000783d00000| Untracked 
|  62|0x0000000783e00000, 0x0000000783e00000, 0x0000000783f00000|  0%| F|  |TAMS 0x0000000783e00000| PB 0x0000000783e00000| Untracked 
|  63|0x0000000783f00000, 0x0000000783f00000, 0x0000000784000000|  0%| F|  |TAMS 0x0000000783f00000| PB 0x0000000783f00000| Untracked 
|  64|0x0000000784000000, 0x0000000784000000, 0x0000000784100000|  0%| F|  |TAMS 0x0000000784000000| PB 0x0000000784000000| Untracked 
|  65|0x0000000784100000, 0x0000000784100000, 0x0000000784200000|  0%| F|  |TAMS 0x0000000784100000| PB 0x0000000784100000| Untracked 
|  66|0x0000000784200000, 0x0000000784200000, 0x0000000784300000|  0%| F|  |TAMS 0x0000000784200000| PB 0x0000000784200000| Untracked 
|  67|0x0000000784300000, 0x0000000784300000, 0x0000000784400000|  0%| F|  |TAMS 0x0000000784300000| PB 0x0000000784300000| Untracked 
|  68|0x0000000784400000, 0x0000000784400000, 0x0000000784500000|  0%| F|  |TAMS 0x0000000784400000| PB 0x0000000784400000| Untracked 
|  69|0x0000000784500000, 0x0000000784500000, 0x0000000784600000|  0%| F|  |TAMS 0x0000000784500000| PB 0x0000000784500000| Untracked 
|  70|0x0000000784600000, 0x0000000784600000, 0x0000000784700000|  0%| F|  |TAMS 0x0000000784600000| PB 0x0000000784600000| Untracked 
|  71|0x0000000784700000, 0x0000000784700000, 0x0000000784800000|  0%| F|  |TAMS 0x0000000784700000| PB 0x0000000784700000| Untracked 
|  72|0x0000000784800000, 0x0000000784800000, 0x0000000784900000|  0%| F|  |TAMS 0x0000000784800000| PB 0x0000000784800000| Untracked 
|  73|0x0000000784900000, 0x0000000784900000, 0x0000000784a00000|  0%| F|  |TAMS 0x0000000784900000| PB 0x0000000784900000| Untracked 
|  74|0x0000000784a00000, 0x0000000784a00000, 0x0000000784b00000|  0%| F|  |TAMS 0x0000000784a00000| PB 0x0000000784a00000| Untracked 
|  75|0x0000000784b00000, 0x0000000784b00000, 0x0000000784c00000|  0%| F|  |TAMS 0x0000000784b00000| PB 0x0000000784b00000| Untracked 
|  76|0x0000000784c00000, 0x0000000784c00000, 0x0000000784d00000|  0%| F|  |TAMS 0x0000000784c00000| PB 0x0000000784c00000| Untracked 
|  77|0x0000000784d00000, 0x0000000784d00000, 0x0000000784e00000|  0%| F|  |TAMS 0x0000000784d00000| PB 0x0000000784d00000| Untracked 
|  78|0x0000000784e00000, 0x0000000784e00000, 0x0000000784f00000|  0%| F|  |TAMS 0x0000000784e00000| PB 0x0000000784e00000| Untracked 
|  79|0x0000000784f00000, 0x0000000784f00000, 0x0000000785000000|  0%| F|  |TAMS 0x0000000784f00000| PB 0x0000000784f00000| Untracked 
|  80|0x0000000785000000, 0x0000000785000000, 0x0000000785100000|  0%| F|  |TAMS 0x0000000785000000| PB 0x0000000785000000| Untracked 
|  81|0x0000000785100000, 0x0000000785100000, 0x0000000785200000|  0%| F|  |TAMS 0x0000000785100000| PB 0x0000000785100000| Untracked 
|  82|0x0000000785200000, 0x0000000785200000, 0x0000000785300000|  0%| F|  |TAMS 0x0000000785200000| PB 0x0000000785200000| Untracked 
|  83|0x0000000785300000, 0x0000000785300000, 0x0000000785400000|  0%| F|  |TAMS 0x0000000785300000| PB 0x0000000785300000| Untracked 
|  84|0x0000000785400000, 0x0000000785400000, 0x0000000785500000|  0%| F|  |TAMS 0x0000000785400000| PB 0x0000000785400000| Untracked 
|  85|0x0000000785500000, 0x0000000785500000, 0x0000000785600000|  0%| F|  |TAMS 0x0000000785500000| PB 0x0000000785500000| Untracked 
|  86|0x0000000785600000, 0x0000000785600000, 0x0000000785700000|  0%| F|  |TAMS 0x0000000785600000| PB 0x0000000785600000| Untracked 
|  87|0x0000000785700000, 0x0000000785700000, 0x0000000785800000|  0%| F|  |TAMS 0x0000000785700000| PB 0x0000000785700000| Untracked 
|  88|0x0000000785800000, 0x0000000785800000, 0x0000000785900000|  0%| F|  |TAMS 0x0000000785800000| PB 0x0000000785800000| Untracked 
|  89|0x0000000785900000, 0x0000000785900000, 0x0000000785a00000|  0%| F|  |TAMS 0x0000000785900000| PB 0x0000000785900000| Untracked 
|  90|0x0000000785a00000, 0x0000000785a00000, 0x0000000785b00000|  0%| F|  |TAMS 0x0000000785a00000| PB 0x0000000785a00000| Untracked 
|  91|0x0000000785b00000, 0x0000000785b00000, 0x0000000785c00000|  0%| F|  |TAMS 0x0000000785b00000| PB 0x0000000785b00000| Untracked 
|  92|0x0000000785c00000, 0x0000000785c00000, 0x0000000785d00000|  0%| F|  |TAMS 0x0000000785c00000| PB 0x0000000785c00000| Untracked 
|  93|0x0000000785d00000, 0x0000000785d00000, 0x0000000785e00000|  0%| F|  |TAMS 0x0000000785d00000| PB 0x0000000785d00000| Untracked 
|  94|0x0000000785e00000, 0x0000000785e00000, 0x0000000785f00000|  0%| F|  |TAMS 0x0000000785e00000| PB 0x0000000785e00000| Untracked 
|  95|0x0000000785f00000, 0x0000000785f00000, 0x0000000786000000|  0%| F|  |TAMS 0x0000000785f00000| PB 0x0000000785f00000| Untracked 
|  96|0x0000000786000000, 0x0000000786000000, 0x0000000786100000|  0%| F|  |TAMS 0x0000000786000000| PB 0x0000000786000000| Untracked 
|  97|0x0000000786100000, 0x0000000786100000, 0x0000000786200000|  0%| F|  |TAMS 0x0000000786100000| PB 0x0000000786100000| Untracked 
|  98|0x0000000786200000, 0x0000000786200000, 0x0000000786300000|  0%| F|  |TAMS 0x0000000786200000| PB 0x0000000786200000| Untracked 
|  99|0x0000000786300000, 0x0000000786300000, 0x0000000786400000|  0%| F|  |TAMS 0x0000000786300000| PB 0x0000000786300000| Untracked 
| 100|0x0000000786400000, 0x0000000786400000, 0x0000000786500000|  0%| F|  |TAMS 0x0000000786400000| PB 0x0000000786400000| Untracked 
| 101|0x0000000786500000, 0x0000000786500000, 0x0000000786600000|  0%| F|  |TAMS 0x0000000786500000| PB 0x0000000786500000| Untracked 
| 102|0x0000000786600000, 0x0000000786600000, 0x0000000786700000|  0%| F|  |TAMS 0x0000000786600000| PB 0x0000000786600000| Untracked 
| 103|0x0000000786700000, 0x0000000786700000, 0x0000000786800000|  0%| F|  |TAMS 0x0000000786700000| PB 0x0000000786700000| Untracked 
| 104|0x0000000786800000, 0x0000000786800000, 0x0000000786900000|  0%| F|  |TAMS 0x0000000786800000| PB 0x0000000786800000| Untracked 
| 105|0x0000000786900000, 0x0000000786900000, 0x0000000786a00000|  0%| F|  |TAMS 0x0000000786900000| PB 0x0000000786900000| Untracked 
| 106|0x0000000786a00000, 0x0000000786a00000, 0x0000000786b00000|  0%| F|  |TAMS 0x0000000786a00000| PB 0x0000000786a00000| Untracked 
| 107|0x0000000786b00000, 0x0000000786b00000, 0x0000000786c00000|  0%| F|  |TAMS 0x0000000786b00000| PB 0x0000000786b00000| Untracked 
| 108|0x0000000786c00000, 0x0000000786c00000, 0x0000000786d00000|  0%| F|  |TAMS 0x0000000786c00000| PB 0x0000000786c00000| Untracked 
| 109|0x0000000786d00000, 0x0000000786d00000, 0x0000000786e00000|  0%| F|  |TAMS 0x0000000786d00000| PB 0x0000000786d00000| Untracked 
| 110|0x0000000786e00000, 0x0000000786e00000, 0x0000000786f00000|  0%| F|  |TAMS 0x0000000786e00000| PB 0x0000000786e00000| Untracked 
| 111|0x0000000786f00000, 0x0000000786f00000, 0x0000000787000000|  0%| F|  |TAMS 0x0000000786f00000| PB 0x0000000786f00000| Untracked 
| 112|0x0000000787000000, 0x0000000787000000, 0x0000000787100000|  0%| F|  |TAMS 0x0000000787000000| PB 0x0000000787000000| Untracked 
| 113|0x0000000787100000, 0x0000000787100000, 0x0000000787200000|  0%| F|  |TAMS 0x0000000787100000| PB 0x0000000787100000| Untracked 
| 114|0x0000000787200000, 0x0000000787200000, 0x0000000787300000|  0%| F|  |TAMS 0x0000000787200000| PB 0x0000000787200000| Untracked 
| 115|0x0000000787300000, 0x0000000787300000, 0x0000000787400000|  0%| F|  |TAMS 0x0000000787300000| PB 0x0000000787300000| Untracked 
| 116|0x0000000787400000, 0x0000000787400000, 0x0000000787500000|  0%| F|  |TAMS 0x0000000787400000| PB 0x0000000787400000| Untracked 
| 117|0x0000000787500000, 0x0000000787500000, 0x0000000787600000|  0%| F|  |TAMS 0x0000000787500000| PB 0x0000000787500000| Untracked 
| 118|0x0000000787600000, 0x0000000787600000, 0x0000000787700000|  0%| F|  |TAMS 0x0000000787600000| PB 0x0000000787600000| Untracked 
| 119|0x0000000787700000, 0x0000000787700000, 0x0000000787800000|  0%| F|  |TAMS 0x0000000787700000| PB 0x0000000787700000| Untracked 
| 120|0x0000000787800000, 0x0000000787800000, 0x0000000787900000|  0%| F|  |TAMS 0x0000000787800000| PB 0x0000000787800000| Untracked 
| 121|0x0000000787900000, 0x0000000787900000, 0x0000000787a00000|  0%| F|  |TAMS 0x0000000787900000| PB 0x0000000787900000| Untracked 
| 122|0x0000000787a00000, 0x0000000787a85aa8, 0x0000000787b00000| 52%| E|  |TAMS 0x0000000787a00000| PB 0x0000000787a00000| Complete 
| 123|0x0000000787b00000, 0x0000000787c00000, 0x0000000787c00000|100%| E|CS|TAMS 0x0000000787b00000| PB 0x0000000787b00000| Complete 
| 124|0x0000000787c00000, 0x0000000787d00000, 0x0000000787d00000|100%| E|CS|TAMS 0x0000000787c00000| PB 0x0000000787c00000| Complete 
| 125|0x0000000787d00000, 0x0000000787e00000, 0x0000000787e00000|100%| E|CS|TAMS 0x0000000787d00000| PB 0x0000000787d00000| Complete 
| 126|0x0000000787e00000, 0x0000000787f00000, 0x0000000787f00000|100%| E|CS|TAMS 0x0000000787e00000| PB 0x0000000787e00000| Complete 
| 127|0x0000000787f00000, 0x0000000788000000, 0x0000000788000000|100%| E|CS|TAMS 0x0000000787f00000| PB 0x0000000787f00000| Complete 
|2046|0x00000007ffe00000, 0x00000007ffe78000, 0x00000007fff00000| 46%|OA|  |TAMS 0x00000007ffe00000| PB 0x00000007ffe00000| Untracked 
|2047|0x00000007fff00000, 0x00000007fff80000, 0x0000000800000000| 50%|CA|  |TAMS 0x00000007fff00000| PB 0x00000007fff00000| Untracked 

Card table byte_map: [0x000000010eb5e000,0x000000010ef5e000] _byte_map_base: 0x000000010af5e000

Marking Bits: (CMBitMap*) 0x00007f9de8026a10
 Bits: [0x000000011ebac000, 0x0000000120bac000)

Polling page: 0x000000010474f000

Metaspace:

Usage:
  Non-class:      4.38 MB used.
      Class:    528.41 KB used.
       Both:      4.89 MB used.

Virtual space:
  Non-class space:       64.00 MB reserved,       4.50 MB (  7%) committed,  1 nodes.
      Class space:        1.00 GB reserved,     640.00 KB ( <1%) committed,  1 nodes.
             Both:        1.06 GB reserved,       5.12 MB ( <1%) committed. 

Chunk freelists:
   Non-Class:  2.79 MB
       Class:  3.25 MB
        Both:  6.04 MB

MaxMetaspaceSize: unlimited
CompressedClassSpaceSize: 1.00 GB
Initial GC threshold: 21.00 MB
Current GC threshold: 21.00 MB
CDS: on
MetaspaceReclaimPolicy: balanced
 - commit_granule_bytes: 65536.
 - commit_granule_words: 8192.
 - virtual_space_node_default_size: 8388608.
 - enlarge_chunks_in_place: 1.
 - new_chunks_are_fully_committed: 0.
 - uncommit_free_chunks: 1.
 - use_allocation_guard: 0.


Internal statistics:

num_allocs_failed_limit: 0.
num_arena_births: 144.
num_arena_deaths: 0.
num_vsnodes_births: 2.
num_vsnodes_deaths: 0.
num_space_committed: 82.
num_space_uncommitted: 0.
num_chunks_returned_to_freelist: 0.
num_chunks_taken_from_freelist: 174.
num_chunk_merges: 0.
num_chunk_splits: 111.
num_chunks_enlarged: 55.
num_inconsistent_stats: 0.

CodeHeap 'non-profiled nmethods': size=120032Kb used=179Kb max_used=179Kb free=119852Kb
 bounds [0x0000000117674000, 0x00000001178e4000, 0x000000011ebac000]
CodeHeap 'profiled nmethods': size=120028Kb used=761Kb max_used=761Kb free=119266Kb
 bounds [0x000000010fbac000, 0x000000010fe1c000, 0x00000001170e3000]
CodeHeap 'non-nmethods': size=5700Kb used=1530Kb max_used=1541Kb free=4170Kb
 bounds [0x00000001170e3000, 0x0000000117353000, 0x0000000117674000]
 total_blobs=1148 nmethods=581 adapters=479
 compilation: enabled
              stopped_count=0, restarted_count=0
 full_count=0

Compilation events (20 events):
Event: 1.762 Thread 0x00007f9de780c800  567       3       jdk.internal.org.objectweb.asm.SymbolTable::addConstantFieldref (10 bytes)
Event: 1.762 Thread 0x00007f9de780c800 nmethod 567 0x000000010fc67910 code [0x000000010fc67aa0, 0x000000010fc67be8]
Event: 1.772 Thread 0x00007f9de8801600  570       4       java.util.concurrent.locks.AbstractQueuedSynchronizer::compareAndSetState (13 bytes)
Event: 1.772 Thread 0x00007f9de8801600 nmethod 570 0x000000011769fe90 code [0x00000001176a0000, 0x00000001176a0098]
Event: 1.798 Thread 0x00007f9de780c800  571       3       java.lang.invoke.MethodHandles$Lookup::<init> (84 bytes)
Event: 1.798 Thread 0x00007f9de780c800 nmethod 571 0x000000010fc67c90 code [0x000000010fc67e20, 0x000000010fc68070]
Event: 1.798 Thread 0x00007f9de780c800  572       3       java.lang.Integer::stringSize (47 bytes)
Event: 1.798 Thread 0x00007f9de780c800 nmethod 572 0x000000010fc68110 code [0x000000010fc682a0, 0x000000010fc68500]
Event: 1.798 Thread 0x00007f9de780c800  573       3       java.lang.Integer::getChars (121 bytes)
Event: 1.799 Thread 0x00007f9de780c800 nmethod 573 0x000000010fc68610 code [0x000000010fc687e0, 0x000000010fc68c30]
Event: 1.801 Thread 0x00007f9de780c800  574       3       sun.invoke.util.Wrapper::isSubwordOrInt (20 bytes)
Event: 1.801 Thread 0x00007f9de780c800 nmethod 574 0x000000010fc68e90 code [0x000000010fc69040, 0x000000010fc69450]
Event: 1.801 Thread 0x00007f9de780c800  575       3       sun.invoke.util.Wrapper::isIntegral (23 bytes)
Event: 1.802 Thread 0x00007f9de780c800 nmethod 575 0x000000010fc69590 code [0x000000010fc69720, 0x000000010fc69980]
Event: 1.802 Thread 0x00007f9de780c800  576       3       sun.invoke.util.Wrapper::isNumeric (16 bytes)
Event: 1.802 Thread 0x00007f9de780c800 nmethod 576 0x000000010fc69a10 code [0x000000010fc69ba0, 0x000000010fc69d08]
Event: 1.804 Thread 0x00007f9de780c800  581       3       sun.invoke.util.Wrapper::isDoubleWord (15 bytes)
Event: 1.804 Thread 0x00007f9de780c800 nmethod 581 0x000000010fc69d90 code [0x000000010fc69f20, 0x000000010fc6a088]
Event: 1.812 Thread 0x00007f9de780c800  582       3       java.lang.invoke.MethodTypeForm::cachedLambdaForm (23 bytes)
Event: 1.813 Thread 0x00007f9de780c800 nmethod 582 0x000000010fc6a110 code [0x000000010fc6a2c0, 0x000000010fc6a620]

GC Heap History (0 events):
No events

Dll operation events (11 events):
Event: 0.047 Loaded shared library /Library/Java/JavaVirtualMachines/jdk-20.jdk/Contents/Home/lib/libjava.dylib
Event: 0.323 Loaded shared library /Library/Java/JavaVirtualMachines/jdk-20.jdk/Contents/Home/lib/libzip.dylib
Event: 0.329 Loaded shared library /Library/Java/JavaVirtualMachines/jdk-20.jdk/Contents/Home/lib/libinstrument.dylib
Event: 0.340 Loaded shared library /Library/Java/JavaVirtualMachines/jdk-20.jdk/Contents/Home/lib/libnio.dylib
Event: 0.353 Loaded shared library /Library/Java/JavaVirtualMachines/jdk-20.jdk/Contents/Home/lib/libzip.dylib
Event: 0.407 Loaded shared library /Library/Java/JavaVirtualMachines/jdk-20.jdk/Contents/Home/lib/libnet.dylib
Event: 0.475 Loaded shared library /Library/Java/JavaVirtualMachines/jdk-20.jdk/Contents/Home/lib/libextnet.dylib
Event: 0.505 Loaded shared library /Library/Java/JavaVirtualMachines/jdk-20.jdk/Contents/Home/lib/libjimage.dylib
Event: 0.557 Loaded shared library /Library/Java/JavaVirtualMachines/jdk-20.jdk/Contents/Home/lib/libawt.dylib
Event: 0.592 Loaded shared library /Library/Java/JavaVirtualMachines/jdk-20.jdk/Contents/Home/lib/libawt_lwawt.dylib
Event: 0.775 Loaded shared library /Library/Java/JavaVirtualMachines/jdk-20.jdk/Contents/Home/lib/libfontmanager.dylib

Deoptimization events (12 events):
Event: 0.384 Thread 0x00007f9de7007400 Uncommon trap: trap_request=0xfffffff4 fr.pc=0x000000011767f7a4 relative=0x00000000000001a4
Event: 0.384 Thread 0x00007f9de7007400 Uncommon trap: reason=null_check action=make_not_entrant pc=0x000000011767f7a4 method=java.lang.String.equals(Ljava/lang/Object;)Z @ 8 c2
Event: 0.384 Thread 0x00007f9de7007400 DEOPT PACKING pc=0x000000011767f7a4 sp=0x000070000abda1b0
Event: 0.384 Thread 0x00007f9de7007400 DEOPT UNPACKING pc=0x000000011714c219 sp=0x000070000abda168 mode 2
Event: 1.215 Thread 0x00007f9de78ce800 Uncommon trap: trap_request=0xffffff45 fr.pc=0x0000000117697094 relative=0x0000000000000274
Event: 1.215 Thread 0x00007f9de78ce800 Uncommon trap: reason=unstable_if action=reinterpret pc=0x0000000117697094 method=java.util.regex.Pattern$BmpCharPropertyGreedy.match(Ljava/util/regex/Matcher;ILjava/lang/CharSequence;)Z @ 12 c2
Event: 1.215 Thread 0x00007f9de78ce800 DEOPT PACKING pc=0x0000000117697094 sp=0x000070000c018c70
Event: 1.215 Thread 0x00007f9de78ce800 DEOPT UNPACKING pc=0x000000011714c219 sp=0x000070000c018c28 mode 2
Event: 1.229 Thread 0x00007f9de78ce800 Uncommon trap: trap_request=0xffffff45 fr.pc=0x0000000117695fcc relative=0x000000000000014c
Event: 1.230 Thread 0x00007f9de78ce800 Uncommon trap: reason=unstable_if action=reinterpret pc=0x0000000117695fcc method=java.util.concurrent.locks.ReentrantLock$NonfairSync.initialTryLock()Z @ 10 c2
Event: 1.230 Thread 0x00007f9de78ce800 DEOPT PACKING pc=0x0000000117695fcc sp=0x000070000c019640
Event: 1.230 Thread 0x00007f9de78ce800 DEOPT UNPACKING pc=0x000000011714c219 sp=0x000070000c0195e8 mode 2

Classes loaded (20 events):
Event: 1.772 Loading class java/awt/event/MouseEvent
Event: 1.774 Loading class java/awt/event/MouseEvent done
Event: 1.774 Loading class java/awt/EventQueue$5
Event: 1.774 Loading class java/awt/EventQueue$5 done
Event: 1.774 Loading class java/awt/event/KeyEvent
Event: 1.776 Loading class java/awt/event/KeyEvent done
Event: 1.776 Loading class sun/awt/dnd/SunDropTargetEvent
Event: 1.777 Loading class sun/awt/dnd/SunDropTargetEvent done
Event: 1.777 Loading class java/awt/event/FocusEvent
Event: 1.778 Loading class java/awt/event/FocusEvent done
Event: 1.778 Loading class sun/awt/HeadlessToolkit
Event: 1.778 Loading class sun/awt/HeadlessToolkit done
Event: 1.810 Loading class java/awt/peer/LightweightPeer
Event: 1.810 Loading class java/awt/peer/LightweightPeer done
Event: 1.810 Loading class sun/lwawt/LWButtonPeer
Event: 1.811 Loading class java/awt/peer/ButtonPeer
Event: 1.811 Loading class java/awt/peer/ButtonPeer done
Event: 1.811 Loading class sun/lwawt/LWButtonPeer done
Event: 1.811 Loading class sun/lwawt/LWButtonPeer$JButtonDelegate
Event: 1.811 Loading class javax/swing/JButton

Classes unloaded (0 events):
No events

Classes redefined (0 events):
No events

Internal exceptions (19 events):
Event: 0.384 Thread 0x00007f9de7007400 Implicit null exception at 0x000000011767f643 to 0x000000011767f794
Event: 0.385 Thread 0x00007f9de7007400 Exception <a 'java/lang/NoSuchMethodError'{0x0000000787ea4e00}: 'void java.lang.invoke.DirectMethodHandle$Holder.invokeStatic(java.lang.Object, java.lang.Object, java.lang.Object)'> (0x0000000787ea4e00) 
thrown [open/src/hotspot/share/interpreter/linkResolver.cpp, line 773]
Event: 0.394 Thread 0x00007f9de7007400 Exception <a 'java/lang/NoSuchMethodError'{0x0000000787ebc198}: 'java.lang.Object java.lang.invoke.Invokers$Holder.invokeExact_MT(java.lang.Object, java.lang.Object, java.lang.Object, java.lang.Object, java.lang.Object)'> (0x0000000787ebc198) 
thrown [open/src/hotspot/share/interpreter/linkResolver.cpp, line 773]
Event: 0.497 Thread 0x00007f9de885f600 Exception <a 'java/lang/NoSuchMethodError'{0x0000000787edde28}: 'void java.lang.invoke.DirectMethodHandle$Holder.invokeStatic(java.lang.Object, java.lang.Object)'> (0x0000000787edde28) 
thrown [open/src/hotspot/share/interpreter/linkResolver.cpp, line 773]
Event: 0.527 Thread 0x00007f9de7007400 Exception <a 'java/lang/ClassNotFoundException'{0x0000000787d08060}: sun/awt/resources/spi/awtProvider> (0x0000000787d08060) 
thrown [open/src/hotspot/share/classfile/systemDictionary.cpp, line 305]
Event: 0.628 Thread 0x00007f9de7007400 Exception <a 'java/io/FileNotFoundException'{0x0000000787d58c88}> (0x0000000787d58c88) 
thrown [open/src/hotspot/share/prims/jni.cpp, line 519]
Event: 0.647 Thread 0x00007f9de7007400 Exception <a 'java/io/FileNotFoundException'{0x0000000787d828d8}> (0x0000000787d828d8) 
thrown [open/src/hotspot/share/prims/jni.cpp, line 519]
Event: 0.765 Thread 0x00007f9de7007400 Exception <a 'java/lang/ClassNotFoundException'{0x0000000787dbce30}: sun/awt/resources/spi/awtosxProvider> (0x0000000787dbce30) 
thrown [open/src/hotspot/share/classfile/systemDictionary.cpp, line 305]
Event: 1.227 Thread 0x00007f9de78ce800 Exception <a 'java/lang/NoSuchMethodError'{0x0000000787c7fb20}: 'java.lang.Object java.lang.invoke.Invokers$Holder.invokeExact_MT(java.lang.Object, java.lang.Object, java.lang.Object, java.lang.Object, java.lang.Object, java.lang.Object)'> (0x0000000787c7fb20) 
thrown [open/src/hotspot/share/interpreter/linkResolver.cpp, line 773]
Event: 1.357 Thread 0x00007f9de7007400 Exception <a 'java/lang/NoSuchMethodError'{0x0000000787cd7fe8}: 'void java.lang.invoke.DirectMethodHandle$Holder.invokeSpecial(java.lang.Object, java.lang.Object, java.lang.Object)'> (0x0000000787cd7fe8) 
thrown [open/src/hotspot/share/interpreter/linkResolver.cpp, line 773]
Event: 1.390 Thread 0x00007f9de7007400 Exception <a 'java/lang/NoSuchMethodError'{0x0000000787b4d060}: 'void java.lang.invoke.Invokers$Holder.invokeExact_MT(java.lang.Object, java.lang.Object, java.lang.Object, java.lang.Object)'> (0x0000000787b4d060) 
thrown [open/src/hotspot/share/interpreter/linkResolver.cpp, line 773]
Event: 1.424 Thread 0x00007f9de7007400 Exception <a 'java/lang/NoSuchMethodError'{0x0000000787b5ef50}: 'void java.lang.invoke.DirectMethodHandle$Holder.invokeStaticInit(java.lang.Object)'> (0x0000000787b5ef50) 
thrown [open/src/hotspot/share/interpreter/linkResolver.cpp, line 773]
Event: 1.456 Thread 0x00007f9de7007400 Exception <a 'java/lang/NoSuchMethodError'{0x0000000787b6c6f0}: 'java.lang.Object java.lang.invoke.DirectMethodHandle$Holder.newInvokeSpecial(java.lang.Object, java.lang.Object, java.lang.Object, int, java.lang.Object)'> (0x0000000787b6c6f0) 
thrown [open/src/hotspot/share/interpreter/linkResolver.cpp, line 773]
Event: 1.457 Thread 0x00007f9de7007400 Exception <a 'java/lang/NoSuchMethodError'{0x0000000787b73d98}: 'java.lang.Object java.lang.invoke.Invokers$Holder.linkToTargetMethod(java.lang.Object, java.lang.Object, int, java.lang.Object, java.lang.Object)'> (0x0000000787b73d98) 
thrown [open/src/hotspot/share/interpreter/linkResolver.cpp, line 773]
Event: 1.528 Thread 0x00007f9de7007400 Exception <a 'java/lang/NoSuchMethodError'{0x0000000787b77d38}: 'void java.lang.invoke.DirectMethodHandle$Holder.invokeStatic(java.lang.Object, int, long)'> (0x0000000787b77d38) 
thrown [open/src/hotspot/share/interpreter/linkResolver.cpp, line 773]
Event: 1.601 Thread 0x00007f9de8194e00 Exception <a 'java/lang/NoSuchMethodError'{0x0000000787bc93b0}: 'void java.lang.invoke.DirectMethodHandle$Holder.invokeStatic(java.lang.Object, long)'> (0x0000000787bc93b0) 
thrown [open/src/hotspot/share/interpreter/linkResolver.cpp, line 773]
Event: 1.683 Thread 0x00007f9de7007400 Exception <a 'java/lang/NoSuchMethodError'{0x0000000787a199a8}: 'java.lang.Object java.lang.invoke.Invokers$Holder.linkToTargetMethod(int, int, int, int, java.lang.Object)'> (0x0000000787a199a8) 
thrown [open/src/hotspot/share/interpreter/linkResolver.cpp, line 773]
Event: 1.691 Thread 0x00007f9de8805400 Exception <a 'java/lang/NoSuchMethodError'{0x0000000787dd0378}: 'void java.lang.invoke.DirectMethodHandle$Holder.invokeStatic(java.lang.Object, java.lang.Object, long)'> (0x0000000787dd0378) 
thrown [open/src/hotspot/share/interpreter/linkResolver.cpp, line 773]
Event: 1.694 Thread 0x00007f9de7007400 Exception <a 'java/lang/NoSuchMethodError'{0x0000000787a1ce40}: 'void java.lang.invoke.DirectMethodHandle$Holder.invokeStatic(java.lang.Object, java.lang.Object, long)'> (0x0000000787a1ce40) 
thrown [open/src/hotspot/share/interpreter/linkResolver.cpp, line 773]

VM Operations (16 events):
Event: 0.280 Executing VM operation: HandshakeAllThreads
Event: 0.280 Executing VM operation: HandshakeAllThreads done
Event: 0.410 Executing VM operation: HandshakeAllThreads
Event: 0.412 Executing VM operation: HandshakeAllThreads done
Event: 0.724 Executing VM operation: HandshakeAllThreads
Event: 0.724 Executing VM operation: HandshakeAllThreads done
Event: 0.758 Executing VM operation: HandshakeAllThreads
Event: 0.758 Executing VM operation: HandshakeAllThreads done
Event: 1.216 Executing VM operation: HandshakeAllThreads
Event: 1.216 Executing VM operation: HandshakeAllThreads done
Event: 1.216 Executing VM operation: Cleanup
Event: 1.226 Executing VM operation: Cleanup done
Event: 1.396 Executing VM operation: HandshakeAllThreads
Event: 1.396 Executing VM operation: HandshakeAllThreads done
Event: 1.397 Executing VM operation: HandshakeAllThreads
Event: 1.397 Executing VM operation: HandshakeAllThreads done

Events (20 events):
Event: 0.205 Thread 0x00007f9de780c800 Thread added: 0x00007f9de780c800
Event: 0.205 Protecting memory [0x000070000b802000,0x000070000b806000] with protection modes 0
Event: 0.254 Thread 0x00007f9de70c0e00 Thread added: 0x00007f9de70c0e00
Event: 0.254 Protecting memory [0x000070000b905000,0x000070000b909000] with protection modes 0
Event: 0.403 Thread 0x00007f9de885f600 Thread added: 0x00007f9de885f600
Event: 0.403 Protecting memory [0x000070000ba08000,0x000070000ba0c000] with protection modes 0
Event: 0.403 Thread 0x00007f9de7116200 Thread added: 0x00007f9de7116200
Event: 0.403 Protecting memory [0x000070000bb0b000,0x000070000bb0f000] with protection modes 0
Event: 0.799 Protecting memory [0x00007ffeead2b000,0x00007ffeead2f000] with protection modes 0
Event: 0.799 Thread 0x00007f9de8805400 Thread added: 0x00007f9de8805400
Event: 0.922 Thread 0x00007f9de78bea00 Thread added: 0x00007f9de78bea00
Event: 0.924 Protecting memory [0x000070000bd94000,0x000070000bd98000] with protection modes 0
Event: 1.047 Thread 0x00007f9de78ce800 Thread added: 0x00007f9de78ce800
Event: 1.047 Protecting memory [0x000070000bf1a000,0x000070000bf1e000] with protection modes 0
Event: 1.292 Thread 0x00007f9de8893e00 Thread added: 0x00007f9de8893e00
Event: 1.292 Protecting memory [0x000070000c1a6000,0x000070000c1aa000] with protection modes 0
Event: 1.308 Thread 0x00007f9de8898000 Thread added: 0x00007f9de8898000
Event: 1.308 Protecting memory [0x000070000c2a9000,0x000070000c2ad000] with protection modes 0
Event: 1.593 Thread 0x00007f9de8194e00 Thread added: 0x00007f9de8194e00
Event: 1.593 Protecting memory [0x000070000c3ac000,0x000070000c3b0000] with protection modes 0


Dynamic libraries:
0x00007fff5f1aa000 	/usr/lib/libz.1.dylib
0x00000001046e5000 	/Library/Java/JavaVirtualMachines/jdk-20.jdk/Contents/Home/lib/libjli.dylib
0x00007fff3317f000 	/System/Library/Frameworks/Cocoa.framework/Versions/A/Cocoa
0x00007fff3ef4f000 	/System/Library/Frameworks/Security.framework/Versions/A/Security
0x00007fff31e11000 	/System/Library/Frameworks/ApplicationServices.framework/Versions/A/ApplicationServices
0x00007fff5cb00000 	/usr/lib/libSystem.B.dylib
0x00007fff5f9a0000 	/usr/lib/system/libcache.dylib
0x00007fff5f9a5000 	/usr/lib/system/libcommonCrypto.dylib
0x00007fff5f9b0000 	/usr/lib/system/libcompiler_rt.dylib
0x00007fff5f9b8000 	/usr/lib/system/libcopyfile.dylib
0x00007fff5f9c2000 	/usr/lib/system/libcorecrypto.dylib
0x00007fff5face000 	/usr/lib/system/libdispatch.dylib
0x00007fff5fb08000 	/usr/lib/system/libdyld.dylib
0x00007fff5fb35000 	/usr/lib/system/libkeymgr.dylib
0x00007fff5fb43000 	/usr/lib/system/liblaunch.dylib
0x00007fff5fb44000 	/usr/lib/system/libmacho.dylib
0x00007fff5fb4a000 	/usr/lib/system/libquarantine.dylib
0x00007fff5fb4d000 	/usr/lib/system/libremovefile.dylib
0x00007fff5fb4f000 	/usr/lib/system/libsystem_asl.dylib
0x00007fff5fb67000 	/usr/lib/system/libsystem_blocks.dylib
0x00007fff5fb68000 	/usr/lib/system/libsystem_c.dylib
0x00007fff5fbf0000 	/usr/lib/system/libsystem_configuration.dylib
0x00007fff5fbf4000 	/usr/lib/system/libsystem_coreservices.dylib
0x00007fff5fbf8000 	/usr/lib/system/libsystem_darwin.dylib
0x00007fff5fbff000 	/usr/lib/system/libsystem_dnssd.dylib
0x00007fff5fc06000 	/usr/lib/system/libsystem_info.dylib
0x00007fff5fc7b000 	/usr/lib/system/libsystem_m.dylib
0x00007fff5fcc7000 	/usr/lib/system/libsystem_malloc.dylib
0x00007fff5fcf2000 	/usr/lib/system/libsystem_networkextension.dylib
0x00007fff5fcfd000 	/usr/lib/system/libsystem_notify.dylib
0x00007fff5fd1a000 	/usr/lib/system/libsystem_sandbox.dylib
0x00007fff5fd1e000 	/usr/lib/system/libsystem_secinit.dylib
0x00007fff5fc52000 	/usr/lib/system/libsystem_kernel.dylib
0x00007fff5fd05000 	/usr/lib/system/libsystem_platform.dylib
0x00007fff5fd0f000 	/usr/lib/system/libsystem_pthread.dylib
0x00007fff5fd21000 	/usr/lib/system/libsystem_symptoms.dylib
0x00007fff5fd29000 	/usr/lib/system/libsystem_trace.dylib
0x00007fff5fd40000 	/usr/lib/system/libunwind.dylib
0x00007fff5fd46000 	/usr/lib/system/libxpc.dylib
0x00007fff5e33a000 	/usr/lib/libobjc.A.dylib
0x00007fff5cd99000 	/usr/lib/libc++abi.dylib
0x00007fff5cd45000 	/usr/lib/libc++.1.dylib
0x00007fff339f4000 	/System/Library/Frameworks/CoreFoundation.framework/Versions/A/CoreFoundation
0x00007fff35c7c000 	/System/Library/Frameworks/Foundation.framework/Versions/C/Foundation
0x00007fff3100a000 	/System/Library/Frameworks/AppKit.framework/Versions/C/AppKit
0x00007fff3357d000 	/System/Library/Frameworks/CoreData.framework/Versions/A/CoreData
0x00007fff565c5000 	/System/Library/PrivateFrameworks/RemoteViewServices.framework/Versions/A/RemoteViewServices
0x00007fff5a83c000 	/System/Library/PrivateFrameworks/UIFoundation.framework/Versions/A/UIFoundation
0x00007fff5bf21000 	/System/Library/PrivateFrameworks/XCTTargetBootstrap.framework/Versions/A/XCTTargetBootstrap
0x00007fff33903000 	/System/Library/Frameworks/CoreDisplay.framework/Versions/A/CoreDisplay
0x00007fff5117f000 	/System/Library/PrivateFrameworks/IconServices.framework/Versions/A/IconServices
0x00007fff385b3000 	/System/Library/Frameworks/Metal.framework/Versions/A/Metal
0x00007fff486bd000 	/System/Library/PrivateFrameworks/DesktopServicesPriv.framework/Versions/A/DesktopServicesPriv
0x00007fff5d69d000 	/usr/lib/libenergytrace.dylib
0x00007fff58d24000 	/System/Library/PrivateFrameworks/SkyLight.framework/Versions/A/SkyLight
0x00007fff33e3c000 	/System/Library/Frameworks/CoreGraphics.framework/Versions/A/CoreGraphics
0x00007fff2fdd6000 	/System/Library/Frameworks/Accelerate.framework/Versions/A/Accelerate
0x00007fff363c6000 	/System/Library/Frameworks/IOSurface.framework/Versions/A/IOSurface
0x00007fff48529000 	/System/Library/PrivateFrameworks/DFRFoundation.framework/Versions/A/DFRFoundation
0x00007fff322f4000 	/System/Library/Frameworks/AudioToolbox.framework/Versions/A/AudioToolbox
0x00007fff3256d000 	/System/Library/Frameworks/AudioUnit.framework/Versions/A/AudioUnit
0x00007fff485be000 	/System/Library/PrivateFrameworks/DataDetectorsCore.framework/Versions/A/DataDetectorsCore
0x00007fff32c82000 	/System/Library/Frameworks/Carbon.framework/Versions/A/Frameworks/HIToolbox.framework/Versions/A/HIToolbox
0x00007fff5d7f6000 	/usr/lib/libicucore.A.dylib
0x00007fff3e4c0000 	/System/Library/Frameworks/QuartzCore.framework/Versions/A/QuartzCore
0x00007fff33057000 	/System/Library/Frameworks/Carbon.framework/Versions/A/Frameworks/SpeechRecognition.framework/Versions/A/SpeechRecognition
0x00007fff5cc54000 	/usr/lib/libauto.dylib
0x00007fff5f09d000 	/usr/lib/libxml2.2.dylib
0x00007fff48104000 	/System/Library/PrivateFrameworks/CoreUI.framework/Versions/A/CoreUI
0x00007fff33468000 	/System/Library/Frameworks/CoreAudio.framework/Versions/A/CoreAudio
0x00007fff35ab0000 	/System/Library/Frameworks/DiskArbitration.framework/Versions/A/DiskArbitration
0x00007fff5daa4000 	/usr/lib/liblangid.dylib
0x00007fff52707000 	/System/Library/PrivateFrameworks/MultitouchSupport.framework/Versions/A/MultitouchSupport
0x00007fff36335000 	/System/Library/Frameworks/IOKit.framework/Versions/A/IOKit
0x00007fff5c6c0000 	/usr/lib/libDiagnosticMessagesClient.dylib
0x00007fff34c4c000 	/System/Library/Frameworks/CoreServices.framework/Versions/A/CoreServices
0x00007fff543c4000 	/System/Library/PrivateFrameworks/PerformanceAnalysis.framework/Versions/A/PerformanceAnalysis
0x00007fff3d6a7000 	/System/Library/Frameworks/OpenGL.framework/Versions/A/OpenGL
0x00007fff3318d000 	/System/Library/Frameworks/ColorSync.framework/Versions/A/ColorSync
0x00007fff344ce000 	/System/Library/Frameworks/CoreImage.framework/Versions/A/CoreImage
0x00007fff35624000 	/System/Library/Frameworks/CoreText.framework/Versions/A/CoreText
0x00007fff36429000 	/System/Library/Frameworks/ImageIO.framework/Versions/A/ImageIO
0x00007fff44754000 	/System/Library/PrivateFrameworks/Backup.framework/Versions/A/Backup
0x00007fff5cba7000 	/usr/lib/libarchive.2.dylib
0x00007fff328c6000 	/System/Library/Frameworks/CFNetwork.framework/Versions/A/CFNetwork
0x00007fff3f6ac000 	/System/Library/Frameworks/SystemConfiguration.framework/Versions/A/SystemConfiguration
0x00007fff5c5f1000 	/usr/lib/libCRFSuite.dylib
0x00007fff5cd26000 	/usr/lib/libbsm.0.dylib
0x00007fff5fb36000 	/usr/lib/system/libkxld.dylib
0x00007fff43b44000 	/System/Library/PrivateFrameworks/AppleFSCompression.framework/Versions/A/AppleFSCompression
0x00007fff5c9c0000 	/usr/lib/libOpenScriptingUtil.dylib
0x00007fff5d04e000 	/usr/lib/libcoretls.dylib
0x00007fff5d065000 	/usr/lib/libcoretls_cfhelpers.dylib
0x00007fff5ead1000 	/usr/lib/libpam.2.dylib
0x00007fff5ec91000 	/usr/lib/libsqlite3.dylib
0x00007fff5f08b000 	/usr/lib/libxar.1.dylib
0x00007fff5cd37000 	/usr/lib/libbz2.1.0.dylib
0x00007fff5daa6000 	/usr/lib/liblzma.5.dylib
0x00007fff5df57000 	/usr/lib/libnetwork.dylib
0x00007fff5cb90000 	/usr/lib/libapple_nghttp2.dylib
0x00007fff5ead8000 	/usr/lib/libpcap.A.dylib
0x00007fff34feb000 	/System/Library/Frameworks/CoreServices.framework/Versions/A/Frameworks/FSEvents.framework/Versions/A/FSEvents
0x00007fff34cca000 	/System/Library/Frameworks/CoreServices.framework/Versions/A/Frameworks/CarbonCore.framework/Versions/A/CarbonCore
0x00007fff351a6000 	/System/Library/Frameworks/CoreServices.framework/Versions/A/Frameworks/Metadata.framework/Versions/A/Metadata
0x00007fff35245000 	/System/Library/Frameworks/CoreServices.framework/Versions/A/Frameworks/OSServices.framework/Versions/A/OSServices
0x00007fff35290000 	/System/Library/Frameworks/CoreServices.framework/Versions/A/Frameworks/SearchKit.framework/Versions/A/SearchKit
0x00007fff34c4d000 	/System/Library/Frameworks/CoreServices.framework/Versions/A/Frameworks/AE.framework/Versions/A/AE
0x00007fff34ff4000 	/System/Library/Frameworks/CoreServices.framework/Versions/A/Frameworks/LaunchServices.framework/Versions/A/LaunchServices
0x00007fff34fa2000 	/System/Library/Frameworks/CoreServices.framework/Versions/A/Frameworks/DictionaryServices.framework/Versions/A/DictionaryServices
0x00007fff352f8000 	/System/Library/Frameworks/CoreServices.framework/Versions/A/Frameworks/SharedFileList.framework/Versions/A/SharedFileList
0x00007fff39682000 	/System/Library/Frameworks/NetFS.framework/Versions/A/NetFS
0x00007fff5296d000 	/System/Library/PrivateFrameworks/NetAuth.framework/Versions/A/NetAuth
0x00007fff5c325000 	/System/Library/PrivateFrameworks/login.framework/Versions/A/Frameworks/loginsupport.framework/Versions/A/loginsupport
0x00007fff5a445000 	/System/Library/PrivateFrameworks/TCC.framework/Versions/A/TCC
0x00007fff47761000 	/System/Library/PrivateFrameworks/CoreNLP.framework/Versions/A/CoreNLP
0x00007fff52286000 	/System/Library/PrivateFrameworks/MetadataUtilities.framework/Versions/A/MetadataUtilities
0x00007fff5db7b000 	/usr/lib/libmecabra.dylib
0x00007fff31e12000 	/System/Library/Frameworks/ApplicationServices.framework/Versions/A/Frameworks/ATS.framework/Versions/A/ATS
0x00007fff32161000 	/System/Library/Frameworks/ApplicationServices.framework/Versions/A/Frameworks/ColorSyncLegacy.framework/Versions/A/ColorSyncLegacy
0x00007fff32200000 	/System/Library/Frameworks/ApplicationServices.framework/Versions/A/Frameworks/HIServices.framework/Versions/A/HIServices
0x00007fff32253000 	/System/Library/Frameworks/ApplicationServices.framework/Versions/A/Frameworks/LangAnalysis.framework/Versions/A/LangAnalysis
0x00007fff32263000 	/System/Library/Frameworks/ApplicationServices.framework/Versions/A/Frameworks/PrintCore.framework/Versions/A/PrintCore
0x00007fff322ad000 	/System/Library/Frameworks/ApplicationServices.framework/Versions/A/Frameworks/QD.framework/Versions/A/QD
0x00007fff322e7000 	/System/Library/Frameworks/ApplicationServices.framework/Versions/A/Frameworks/SpeechSynthesis.framework/Versions/A/SpeechSynthesis
0x00007fff5cdc1000 	/usr/lib/libcompression.dylib
0x00007fff38883000 	/System/Library/Frameworks/MetalPerformanceShaders.framework/Versions/A/MetalPerformanceShaders
0x00007fff2fdee000 	/System/Library/Frameworks/Accelerate.framework/Versions/A/Frameworks/vImage.framework/Versions/A/vImage
0x00007fff30e68000 	/System/Library/Frameworks/Accelerate.framework/Versions/A/Frameworks/vecLib.framework/Versions/A/vecLib
0x00007fff30db4000 	/System/Library/Frameworks/Accelerate.framework/Versions/A/Frameworks/vecLib.framework/Versions/A/libvMisc.dylib
0x00007fff30bcc000 	/System/Library/Frameworks/Accelerate.framework/Versions/A/Frameworks/vecLib.framework/Versions/A/libvDSP.dylib
0x00007fff30488000 	/System/Library/Frameworks/Accelerate.framework/Versions/A/Frameworks/vecLib.framework/Versions/A/libBLAS.dylib
0x00007fff30775000 	/System/Library/Frameworks/Accelerate.framework/Versions/A/Frameworks/vecLib.framework/Versions/A/libLAPACK.dylib
0x00007fff30b1f000 	/System/Library/Frameworks/Accelerate.framework/Versions/A/Frameworks/vecLib.framework/Versions/A/libLinearAlgebra.dylib
0x00007fff30bb8000 	/System/Library/Frameworks/Accelerate.framework/Versions/A/Frameworks/vecLib.framework/Versions/A/libSparseBLAS.dylib
0x00007fff30b35000 	/System/Library/Frameworks/Accelerate.framework/Versions/A/Frameworks/vecLib.framework/Versions/A/libQuadrature.dylib
0x00007fff30702000 	/System/Library/Frameworks/Accelerate.framework/Versions/A/Frameworks/vecLib.framework/Versions/A/libBNNS.dylib
0x00007fff30b3b000 	/System/Library/Frameworks/Accelerate.framework/Versions/A/Frameworks/vecLib.framework/Versions/A/libSparse.dylib
0x00007fff4eaaf000 	/System/Library/PrivateFrameworks/GPUWrangler.framework/Versions/A/GPUWrangler
0x00007fff50db4000 	/System/Library/PrivateFrameworks/IOAccelerator.framework/Versions/A/IOAccelerator
0x00007fff50dbf000 	/System/Library/PrivateFrameworks/IOPresentment.framework/Versions/A/IOPresentment
0x00007fff48539000 	/System/Library/PrivateFrameworks/DSExternalDisplay.framework/Versions/A/DSExternalDisplay
0x00007fff3cafe000 	/System/Library/Frameworks/OpenGL.framework/Versions/A/Libraries/libCoreFSCache.dylib
0x00007fff38677000 	/System/Library/Frameworks/MetalPerformanceShaders.framework/Frameworks/MPSCore.framework/Versions/A/MPSCore
0x00007fff38697000 	/System/Library/Frameworks/MetalPerformanceShaders.framework/Frameworks/MPSImage.framework/Versions/A/MPSImage
0x00007fff3873c000 	/System/Library/Frameworks/MetalPerformanceShaders.framework/Frameworks/MPSNeuralNetwork.framework/Versions/A/MPSNeuralNetwork
0x00007fff38714000 	/System/Library/Frameworks/MetalPerformanceShaders.framework/Frameworks/MPSMatrix.framework/Versions/A/MPSMatrix
0x00007fff38868000 	/System/Library/Frameworks/MetalPerformanceShaders.framework/Frameworks/MPSRayIntersector.framework/Versions/A/MPSRayIntersector
0x00007fff522af000 	/System/Library/PrivateFrameworks/MetalTools.framework/Versions/A/MetalTools
0x00007fff4340f000 	/System/Library/PrivateFrameworks/AggregateDictionary.framework/Versions/A/AggregateDictionary
0x00007fff5c9a0000 	/usr/lib/libMobileGestalt.dylib
0x00007fff35789000 	/System/Library/Frameworks/CoreVideo.framework/Versions/A/CoreVideo
0x00007fff4f8c0000 	/System/Library/PrivateFrameworks/GraphVisualizer.framework/Versions/A/GraphVisualizer
0x00007fff4973f000 	/System/Library/PrivateFrameworks/FaceCore.framework/Versions/A/FaceCore
0x00007fff3c12c000 	/System/Library/Frameworks/OpenCL.framework/Versions/A/OpenCL
0x00007fff5c6f8000 	/usr/lib/libFosl_dynamic.dylib
0x00007fff531d9000 	/System/Library/PrivateFrameworks/OTSVG.framework/Versions/A/OTSVG
0x00007fff31f16000 	/System/Library/Frameworks/ApplicationServices.framework/Versions/A/Frameworks/ATS.framework/Versions/A/Resources/libFontParser.dylib
0x00007fff3202e000 	/System/Library/Frameworks/ApplicationServices.framework/Versions/A/Frameworks/ATS.framework/Versions/A/Resources/libFontRegistry.dylib
0x00007fff36699000 	/System/Library/Frameworks/ImageIO.framework/Versions/A/Resources/libJPEG.dylib
0x00007fff369be000 	/System/Library/Frameworks/ImageIO.framework/Versions/A/Resources/libTIFF.dylib
0x00007fff36994000 	/System/Library/Frameworks/ImageIO.framework/Versions/A/Resources/libPng.dylib
0x00007fff365b7000 	/System/Library/Frameworks/ImageIO.framework/Versions/A/Resources/libGIF.dylib
0x00007fff365bc000 	/System/Library/Frameworks/ImageIO.framework/Versions/A/Resources/libJP2.dylib
0x00007fff369bb000 	/System/Library/Frameworks/ImageIO.framework/Versions/A/Resources/libRadiance.dylib
0x00007fff43c9b000 	/System/Library/PrivateFrameworks/AppleJPEG.framework/Versions/A/AppleJPEG
0x00007fff3cb09000 	/System/Library/Frameworks/OpenGL.framework/Versions/A/Libraries/libGFXShared.dylib
0x00007fff3cccc000 	/System/Library/Frameworks/OpenGL.framework/Versions/A/Libraries/libGLU.dylib
0x00007fff3cb12000 	/System/Library/Frameworks/OpenGL.framework/Versions/A/Libraries/libGL.dylib
0x00007fff3cb1e000 	/System/Library/Frameworks/OpenGL.framework/Versions/A/Libraries/libGLImage.dylib
0x00007fff3cafb000 	/System/Library/Frameworks/OpenGL.framework/Versions/A/Libraries/libCVMSPluginSupport.dylib
0x00007fff3cb04000 	/System/Library/Frameworks/OpenGL.framework/Versions/A/Libraries/libCoreVMClient.dylib
0x00007fff5d512000 	/usr/lib/libcups.2.dylib
0x00007fff37b7e000 	/System/Library/Frameworks/Kerberos.framework/Versions/A/Kerberos
0x00007fff36099000 	/System/Library/Frameworks/GSS.framework/Versions/A/GSS
0x00007fff5ec26000 	/usr/lib/libresolv.9.dylib
0x00007fff5d705000 	/usr/lib/libiconv.2.dylib
0x00007fff4fa35000 	/System/Library/PrivateFrameworks/Heimdal.framework/Versions/A/Heimdal
0x00007fff5d6d5000 	/usr/lib/libheimdal-asn1.dylib
0x00007fff3c1a0000 	/System/Library/Frameworks/OpenDirectory.framework/Versions/A/OpenDirectory
0x00007fff464c4000 	/System/Library/PrivateFrameworks/CommonAuth.framework/Versions/A/CommonAuth
0x00007fff3c184000 	/System/Library/Frameworks/OpenDirectory.framework/Versions/A/Frameworks/CFOpenDirectory.framework/Versions/A/CFOpenDirectory
0x00007fff3f251000 	/System/Library/Frameworks/SecurityFoundation.framework/Versions/A/SecurityFoundation
0x00007fff42955000 	/System/Library/PrivateFrameworks/APFS.framework/Versions/A/APFS
0x00007fff5f087000 	/usr/lib/libutil.dylib
0x00007fff5cdaf000 	/usr/lib/libcharset.1.dylib
0x00007fff43f38000 	/System/Library/PrivateFrameworks/AppleSauce.framework/Versions/A/AppleSauce
0x00007fff440b9000 	/System/Library/PrivateFrameworks/AssertionServices.framework/Versions/A/AssertionServices
0x00007fff447ea000 	/System/Library/PrivateFrameworks/BaseBoard.framework/Versions/A/BaseBoard
0x00007fff5dad6000 	/usr/lib/libmecab.1.0.0.dylib
0x00007fff5d6cf000 	/usr/lib/libgermantok.dylib
0x00007fff5cb7d000 	/usr/lib/libThaiTokenizer.dylib
0x00007fff5c628000 	/usr/lib/libChineseTokenizer.dylib
0x00007fff5146c000 	/System/Library/PrivateFrameworks/LanguageModeling.framework/Versions/A/LanguageModeling
0x00007fff471a6000 	/System/Library/PrivateFrameworks/CoreEmoji.framework/Versions/A/CoreEmoji
0x00007fff51548000 	/System/Library/PrivateFrameworks/Lexicon.framework/Versions/A/Lexicon
0x00007fff5158b000 	/System/Library/PrivateFrameworks/LinguisticData.framework/Versions/A/LinguisticData
0x00007fff5cdb0000 	/usr/lib/libcmph.dylib
0x00007fff3f30f000 	/System/Library/Frameworks/ServiceManagement.framework/Versions/A/ServiceManagement
0x00007fff4474b000 	/System/Library/PrivateFrameworks/BackgroundTaskManagement.framework/Versions/A/BackgroundTaskManagement
0x00007fff5f181000 	/usr/lib/libxslt.1.dylib
0x00007fff32f84000 	/System/Library/Frameworks/Carbon.framework/Versions/A/Frameworks/Ink.framework/Versions/A/Ink
0x00007fff5a6b7000 	/System/Library/PrivateFrameworks/TextureIO.framework/Versions/A/TextureIO
0x00007fff5cbd1000 	/usr/lib/libate.dylib
0x00007fff48488000 	/System/Library/PrivateFrameworks/CrashReporterSupport.framework/Versions/A/CrashReporterSupport
0x00007fff57df1000 	/System/Library/PrivateFrameworks/Sharing.framework/Versions/A/Sharing
0x00007fff4449d000 	/System/Library/PrivateFrameworks/AuthKit.framework/Versions/A/AuthKit
0x00007fff439f0000 	/System/Library/PrivateFrameworks/Apple80211.framework/Versions/A/Apple80211
0x00007fff48230000 	/System/Library/PrivateFrameworks/CoreUtils.framework/Versions/A/CoreUtils
0x00007fff357ca000 	/System/Library/Frameworks/CoreWLAN.framework/Versions/A/CoreWLAN
0x00007fff361c8000 	/System/Library/Frameworks/IOBluetooth.framework/Versions/A/IOBluetooth
0x00007fff56265000 	/System/Library/PrivateFrameworks/ProtocolBuffer.framework/Versions/A/ProtocolBuffer
0x00007fff52663000 	/System/Library/PrivateFrameworks/MobileKeyBag.framework/Versions/A/MobileKeyBag
0x00007fff47a74000 	/System/Library/PrivateFrameworks/CorePhoneNumbers.framework/Versions/A/CorePhoneNumbers
0x00007fff43c4f000 	/System/Library/PrivateFrameworks/AppleIDAuthSupport.framework/Versions/A/AppleIDAuthSupport
0x00007fff5143f000 	/System/Library/PrivateFrameworks/KeychainCircle.framework/Versions/A/KeychainCircle
0x00007fff5641b000 	/System/Library/PrivateFrameworks/ROCKit.framework/Versions/A/ROCKit
0x00007fff48424000 	/System/Library/PrivateFrameworks/CoreWiFi.framework/Versions/A/CoreWiFi
0x00007fff33552000 	/System/Library/Frameworks/CoreBluetooth.framework/Versions/A/CoreBluetooth
0x00007fff4867f000 	/System/Library/PrivateFrameworks/DebugSymbols.framework/Versions/A/DebugSymbols
0x00007fff47ff0000 	/System/Library/PrivateFrameworks/CoreSymbolication.framework/Versions/A/CoreSymbolication
0x00007fff59ed4000 	/System/Library/PrivateFrameworks/Symbolication.framework/Versions/A/Symbolication
0x00007fff59777000 	/System/Library/PrivateFrameworks/SpeechRecognitionCore.framework/Versions/A/SpeechRecognitionCore
0x0000000105000000 	/Library/Java/JavaVirtualMachines/jdk-20.jdk/Contents/Home/lib/server/libjvm.dylib
0x000000010473f000 	/Library/Java/JavaVirtualMachines/jdk-20.jdk/Contents/Home/lib/libjimage.dylib
0x0000000104751000 	/Library/Java/JavaVirtualMachines/jdk-20.jdk/Contents/Home/lib/libinstrument.dylib
0x0000000104765000 	/Library/Java/JavaVirtualMachines/jdk-20.jdk/Contents/Home/lib/./libjava.dylib
0x000000010f7bd000 	/Library/Java/JavaVirtualMachines/jdk-20.jdk/Contents/Home/lib/libzip.dylib
0x000000010f9f2000 	/Library/Java/JavaVirtualMachines/jdk-20.jdk/Contents/Home/lib/libnio.dylib
0x000000010fa0e000 	/Library/Java/JavaVirtualMachines/jdk-20.jdk/Contents/Home/lib/./libnet.dylib
0x000000010fa22000 	/Library/Java/JavaVirtualMachines/jdk-20.jdk/Contents/Home/lib/libextnet.dylib
0x0000000167c00000 	/Library/Java/JavaVirtualMachines/jdk-20.jdk/Contents/Home/lib/libawt.dylib
0x000000010fa32000 	/Library/Java/JavaVirtualMachines/jdk-20.jdk/Contents/Home/lib/./libmlib_image.dylib
0x00007fff37b70000 	/System/Library/Frameworks/JavaVM.framework/Versions/A/Frameworks/JavaRuntimeSupport.framework/Versions/A/JavaRuntimeSupport
0x00007fff37b67000 	/System/Library/Frameworks/JavaVM.framework/Versions/A/Frameworks/JavaNativeFoundation.framework/Versions/A/JavaNativeFoundation
0x00007fff37b79000 	/System/Library/Frameworks/JavaVM.framework/Versions/A/JavaVM
0x00007fff32c7d000 	/System/Library/Frameworks/Carbon.framework/Versions/A/Carbon
0x00007fff5135e000 	/System/Library/PrivateFrameworks/JavaLaunching.framework/Versions/A/JavaLaunching
0x00007fff32c7e000 	/System/Library/Frameworks/Carbon.framework/Versions/A/Frameworks/CommonPanels.framework/Versions/A/CommonPanels
0x00007fff32f7a000 	/System/Library/Frameworks/Carbon.framework/Versions/A/Frameworks/Help.framework/Versions/A/Help
0x00007fff32f7e000 	/System/Library/Frameworks/Carbon.framework/Versions/A/Frameworks/ImageCapture.framework/Versions/A/ImageCapture
0x00007fff3301a000 	/System/Library/Frameworks/Carbon.framework/Versions/A/Frameworks/OpenScripting.framework/Versions/A/OpenScripting
0x00007fff33052000 	/System/Library/Frameworks/Carbon.framework/Versions/A/Frameworks/Print.framework/Versions/A/Print
0x00007fff33054000 	/System/Library/Frameworks/Carbon.framework/Versions/A/Frameworks/SecurityHI.framework/Versions/A/SecurityHI
0x0000000167cc0000 	/Library/Java/JavaVirtualMachines/jdk-20.jdk/Contents/Home/lib/libawt_lwawt.dylib
0x0000000122bac000 	/Library/Java/JavaVirtualMachines/jdk-20.jdk/Contents/Home/lib/./libosxapp.dylib
0x00007fff35c55000 	/System/Library/Frameworks/ExceptionHandling.framework/Versions/A/ExceptionHandling
0x0000000167df0000 	/Library/Java/JavaVirtualMachines/jdk-20.jdk/Contents/Home/lib/libfontmanager.dylib
0x0000000167ff8000 	/Library/Java/JavaVirtualMachines/jdk-20.jdk/Contents/Home/lib/./libfreetype.dylib
0x00007fff47bf8000 	/System/Library/PrivateFrameworks/CoreServicesInternal.framework/Versions/A/CoreServicesInternal
0x00007fff28156000 	/System/Library/CoreServices/RawCamera.bundle/Contents/MacOS/RawCamera
0x00007fff52353000 	/System/Library/PrivateFrameworks/MobileAsset.framework/Versions/A/MobileAsset
0x00007fff59e22000 	/System/Library/PrivateFrameworks/StreamingZip.framework/Versions/A/StreamingZip
0x00007fff37f0b000 	/System/Library/Frameworks/MediaToolbox.framework/Versions/A/MediaToolbox
0x00007fff46d4a000 	/System/Library/PrivateFrameworks/CoreAVCHD.framework/Versions/A/CoreAVCHD
0x00007fff37e51000 	/System/Library/Frameworks/MediaAccessibility.framework/Versions/A/MediaAccessibility
0x00007fff51daf000 	/System/Library/PrivateFrameworks/Mangrove.framework/Versions/A/Mangrove
0x00007fff34aeb000 	/System/Library/Frameworks/CoreMedia.framework/Versions/A/CoreMedia
0x00007fff3f978000 	/System/Library/Frameworks/VideoToolbox.framework/Versions/A/VideoToolbox
0x00007fff46966000 	/System/Library/PrivateFrameworks/CoreAUC.framework/Versions/A/CoreAUC
0x00007fff5ec8f000 	/usr/lib/libspindump.dylib
0x00007fff4401e000 	/System/Library/PrivateFrameworks/AppleVA.framework/Versions/A/AppleVA
0x00007fff2fdd7000 	/System/Library/Frameworks/Accelerate.framework/Versions/A/Frameworks/vImage.framework/Versions/A/Libraries/libCGInterfaces.dylib
0x00007fff320ca000 	/System/Library/Frameworks/ApplicationServices.framework/Versions/A/Frameworks/ATS.framework/Versions/A/Resources/libTrueTypeScaler.dylib
0x00007fff2b48a000 	/System/Library/Extensions/AppleIntelBDWGraphicsMTLDriver.bundle/Contents/MacOS/AppleIntelBDWGraphicsMTLDriver
0x00007fff4d40e000 	/System/Library/PrivateFrameworks/GPUCompiler.framework/Versions/3902/Libraries/libmetal_timestamp.dylib
0x00007fff5b670000 	/System/Library/PrivateFrameworks/ViewBridge.framework/Versions/A/ViewBridge
0x000000010f994000 	/usr/lib/libobjc-trampolines.dylib


VM Arguments:
jvm_args: -javaagent:/Users/zolaball/Desktop/IntelliJ IDEA.app/Contents/lib/idea_rt.jar=51158:/Users/zolaball/Desktop/IntelliJ IDEA.app/Contents/bin -Dfile.encoding=UTF-8 
java_command: JerrysPlayground
java_class_path (initial): /Users/zolaball/IdeaProjects/COMP250-A2/out/production/COMP250-A2:/Users/zolaball/.m2/repository/junit/junit/4.13.1/junit-4.13.1.jar:/Users/zolaball/.m2/repository/org/hamcrest/hamcrest-core/1.3/hamcrest-core-1.3.jar:/Users/zolaball/.m2/repository/org/junit/jupiter/junit-jupiter/5.8.1/junit-jupiter-5.8.1.jar:/Users/zolaball/.m2/repository/org/junit/jupiter/junit-jupiter-api/5.8.1/junit-jupiter-api-5.8.1.jar:/Users/zolaball/.m2/repository/org/opentest4j/opentest4j/1.2.0/opentest4j-1.2.0.jar:/Users/zolaball/.m2/repository/org/junit/platform/junit-platform-commons/1.8.1/junit-platform-commons-1.8.1.jar:/Users/zolaball/.m2/repository/org/apiguardian/apiguardian-api/1.1.2/apiguardian-api-1.1.2.jar:/Users/zolaball/.m2/repository/org/junit/jupiter/junit-jupiter-params/5.8.1/junit-jupiter-params-5.8.1.jar:/Users/zolaball/.m2/repository/org/junit/jupiter/junit-jupiter-engine/5.8.1/junit-jupiter-engine-5.8.1.jar:/Users/zolaball/.m2/repository/org/junit/platform/junit-platform-engine/1.8.1/junit-platform-engine-1.8.1.jar
Launcher Type: SUN_STANDARD

[Global flags]
     intx CICompilerCount                          = 3                                         {product} {ergonomic}
     uint ConcGCThreads                            = 1                                         {product} {ergonomic}
     uint G1ConcRefinementThreads                  = 4                                         {product} {ergonomic}
   size_t G1HeapRegionSize                         = 1048576                                   {product} {ergonomic}
    uintx GCDrainStackTargetSize                   = 64                                        {product} {ergonomic}
   size_t InitialHeapSize                          = 134217728                                 {product} {ergonomic}
   size_t MarkStackSize                            = 4194304                                   {product} {ergonomic}
   size_t MaxHeapSize                              = 2147483648                                {product} {ergonomic}
   size_t MaxNewSize                               = 1287651328                                {product} {ergonomic}
   size_t MinHeapDeltaBytes                        = 1048576                                   {product} {ergonomic}
   size_t MinHeapSize                              = 8388608                                   {product} {ergonomic}
    uintx NonNMethodCodeHeapSize                   = 5832780                                {pd product} {ergonomic}
    uintx NonProfiledCodeHeapSize                  = 122912730                              {pd product} {ergonomic}
    uintx ProfiledCodeHeapSize                     = 122912730                              {pd product} {ergonomic}
    uintx ReservedCodeCacheSize                    = 251658240                              {pd product} {ergonomic}
     bool SegmentedCodeCache                       = true                                      {product} {ergonomic}
   size_t SoftMaxHeapSize                          = 2147483648                             {manageable} {ergonomic}
     bool UseCompressedClassPointers               = true                           {product lp64_product} {ergonomic}
     bool UseCompressedOops                        = true                           {product lp64_product} {ergonomic}
     bool UseG1GC                                  = true                                      {product} {ergonomic}
     bool UseNUMA                                  = false                                     {product} {ergonomic}
     bool UseNUMAInterleaving                      = false                                     {product} {ergonomic}

Logging:
Log output configuration:
 #0: stdout all=warning uptime,level,tags foldmultilines=false
 #1: stderr all=off uptime,level,tags foldmultilines=false

Environment Variables:
PATH=/usr/local/bin:/usr/bin:/bin:/usr/sbin:/sbin:/opt/X11/bin
SHELL=/bin/bash
DISPLAY=/private/tmp/com.apple.launchd.D1oYBzQA7t/org.macosforge.xquartz:0
LC_CTYPE=en_CA.UTF-8
TMPDIR=/var/folders/fk/nngm2hld10s3xrqhfyxy38hh0000gn/T/

Active Locale:
LC_ALL=C/en_CA.UTF-8/C/C/C/C
LC_COLLATE=C
LC_CTYPE=en_CA.UTF-8
LC_MESSAGES=C
LC_MONETARY=C
LC_NUMERIC=C
LC_TIME=C

Signal Handlers:
   SIGSEGV: crash_handler in libjvm.dylib, mask=11100110000111110111111111111111, flags=SA_ONSTACK|SA_RESTART|SA_SIGINFO, unblocked
    SIGBUS: crash_handler in libjvm.dylib, mask=11100110000111110111111111111111, flags=SA_RESTART|SA_SIGINFO, unblocked
    SIGFPE: crash_handler in libjvm.dylib, mask=11100110000111110111111111111111, flags=SA_RESTART|SA_SIGINFO, unblocked
   SIGPIPE: javaSignalHandler in libjvm.dylib, mask=11100110000111110111111111111111, flags=SA_RESTART|SA_SIGINFO, blocked
   SIGXFSZ: javaSignalHandler in libjvm.dylib, mask=11100110000111110111111111111111, flags=SA_RESTART|SA_SIGINFO, blocked
    SIGILL: crash_handler in libjvm.dylib, mask=11100110000111110111111111111111, flags=SA_RESTART|SA_SIGINFO, unblocked
   SIGUSR2: SR_handler in libjvm.dylib, mask=00100000000000000000000000000000, flags=SA_RESTART|SA_SIGINFO, blocked
    SIGHUP: UserHandler in libjvm.dylib, mask=11100110000111110111111111111111, flags=SA_RESTART|SA_SIGINFO, blocked
    SIGINT: UserHandler in libjvm.dylib, mask=11100110000111110111111111111111, flags=SA_RESTART|SA_SIGINFO, blocked
   SIGTERM: UserHandler in libjvm.dylib, mask=11100110000111110111111111111111, flags=SA_RESTART|SA_SIGINFO, blocked
   SIGQUIT: UserHandler in libjvm.dylib, mask=11100110000111110111111111111111, flags=SA_RESTART|SA_SIGINFO, blocked
   SIGTRAP: crash_handler in libjvm.dylib, mask=11100110000111110111111111111111, flags=SA_RESTART|SA_SIGINFO, unblocked


---------------  S Y S T E M  ---------------

OS:
uname: Darwin 18.7.0 Darwin Kernel Version 18.7.0: Tue Jun 22 19:37:08 PDT 2021; root:xnu-4903.278.70~1/RELEASE_X86_64 x86_64
OS uptime: 11 days 22:07 hours
rlimit (soft/hard): STACK 8192k/65532k , CORE 0k/infinity , NPROC 709/1064 , NOFILE 10240/infinity , AS infinity/infinity , CPU infinity/infinity , DATA infinity/infinity , FSIZE infinity/infinity , MEMLOCK infinity/infinity , RSS infinity/infinity
load average: 1.80 2.21 2.96

CPU: total 4 (initial active 4) (2 cores per cpu, 2 threads per core) family 6 model 61 stepping 4 microcode 0x2f, cx8, cmov, fxsr, ht, mmx, 3dnowpref, sse, sse2, sse3, ssse3, sse4.1, sse4.2, popcnt, lzcnt, tsc, tscinvbit, avx, avx2, aes, erms, clmul, bmi1, bmi2, rtm, adx, fma, vzeroupper, clflush, rdtscp, f16c

Memory: 4k page, physical 8388608k(40812k free), swap 4194304k(1266432k free)

vm_info: Java HotSpot(TM) 64-Bit Server VM (20.0.2+9-78) for bsd-amd64 JRE (20.0.2+9-78), built on 2023-06-14T10:08:48Z by "mach5one" with clang Apple LLVM 12.0.0 (clang-1200.0.32.29)

END.
